<?xml version="1.0" encoding="UTF-8"?>
<testsuites name="Run all test cases" time="6308.433" tests="50" failures="5" errors="0">
   <testsuite name="Run all test cases" tests="50" failures="5" errors="0" time="6308.433" skipped="0" timestamp="2022-01-16 19:05:17" hostname="antra - 192.168.16.1" id="Test Suites/Run all test cases">
      <properties>
[...]
</properties>
      <testcase name="Test Cases/Chat/Chat starred" time="174.732" classname="Test Cases/Chat/Chat starred" status="PASSED">
         <system-out><![CDATA[2022-01-16 19:05:17 - [TEST_CASE][PASSED] - Test Cases/Chat/Chat starred: Test Cases/Chat/Chat starred

2022-01-16 19:05:18 - [TEST_STEP][PASSED] - openBrowser(""): Browser is opened with url: ''

2022-01-16 19:05:18 - [MESSAGE][INFO] - Starting 'Chrome' driver

2022-01-16 19:05:18 - [MESSAGE][INFO] - Action delay is set to 0 milliseconds

2022-01-16 19:05:22 - [MESSAGE][PASSED] - Browser is opened with url: ''

2022-01-16 19:05:22 - [TEST_STEP][PASSED] - navigateToUrl("http://localhost/"): Navigate to 'http://localhost/' successfully

2022-01-16 19:05:27 - [MESSAGE][PASSED] - Navigate to 'http://localhost/' successfully

2022-01-16 19:05:27 - [TEST_STEP][PASSED] - click(findTestObject("Object Repository/Page_L Tm Anh/a_Log in")): Object: 'Object Repository/Page_L Tm Anh/a_Log in' is clicked on

2022-01-16 19:05:28 - [MESSAGE][PASSED] - Object: 'Object Repository/Page_L Tm Anh/a_Log in' is clicked on

2022-01-16 19:05:28 - [TEST_STEP][PASSED] - setText(findTestObject("Object Repository/Page_L Tm Anh Log in to the site/input_Username_username"), "anhle1"): Text 'anhle1' is set on object 'Object Repository/Page_L Tm Anh Log in to the site/input_Username_username'

2022-01-16 19:05:29 - [MESSAGE][PASSED] - Text 'anhle1' is set on object 'Object Repository/Page_L Tm Anh Log in to the site/input_Username_username'

2022-01-16 19:05:29 - [TEST_STEP][PASSED] - setEncryptedText(findTestObject("Object Repository/Page_L Tm Anh Log in to the site/input_Password_password"), "eGmz8XUbrLe3vUQiiiujBg=="): Text ****** has been set on object 'Object Repository/Page_L Tm Anh Log in to the site/input_Password_password'

2022-01-16 19:05:29 - [MESSAGE][PASSED] - Text ****** has been set on object 'Object Repository/Page_L Tm Anh Log in to the site/input_Password_password'

2022-01-16 19:05:29 - [TEST_STEP][PASSED] - click(findTestObject("Object Repository/Page_L Tm Anh Log in to the site/button_Log in")): Object: 'Object Repository/Page_L Tm Anh Log in to the site/button_Log in' is clicked on

2022-01-16 19:05:34 - [MESSAGE][PASSED] - Object: 'Object Repository/Page_L Tm Anh Log in to the site/button_Log in' is clicked on

2022-01-16 19:05:34 - [TEST_STEP][PASSED] - click(findTestObject("Object Repository/Page_Dashboard/a_0")): Object: 'Object Repository/Page_Dashboard/a_0' is clicked on

2022-01-16 19:06:05 - [MESSAGE][INFO] - Unable to find the element located by 'By.xpath: //a[@id='message-drawer-toggle-61dc107224f9a61dc1072131d45']'. Please recheck the objects properties to make sure the desired element is located. 

2022-01-16 19:06:05 - [MESSAGE][WARNING] - [SELF-HEALING] Failed to find element with id 'Object Repository/Page_Dashboard/a_0'. Try using Self-healing.

2022-01-16 19:06:06 - [MESSAGE][WARNING] - [SELF-HEALING] The current locator of test object 'Object Repository/Page_Dashboard/a_0' was broken. Propose an alternative one: '//div[@id='usernavigation']/div[2]/a'.

2022-01-16 19:06:06 - [MESSAGE][PASSED] - Object: 'Object Repository/Page_Dashboard/a_0' is clicked on

2022-01-16 19:06:06 - [TEST_STEP][PASSED] - click(findTestObject("Object Repository/Page_Dashboard/div_L CDE")): Object: 'Object Repository/Page_Dashboard/div_L CDE' is clicked on

2022-01-16 19:06:37 - [MESSAGE][INFO] - Unable to find the element located by 'By.xpath: //div[@id='view-overview-favourites-target-61dc107227d7461dc1072131d47']/div[2]/a/div/div'. Please recheck the objects properties to make sure the desired element is located. 

2022-01-16 19:06:37 - [MESSAGE][WARNING] - [SELF-HEALING] Failed to find element with id 'Object Repository/Page_Dashboard/div_L CDE'. Try using Self-healing.

2022-01-16 19:06:37 - [MESSAGE][WARNING] - [SELF-HEALING] The current locator of test object 'Object Repository/Page_Dashboard/div_L CDE' was broken. Propose an alternative one: '(.//*[normalize-space(text()) and normalize-space(.)='Starred'])[1]/following::div[5]'.

2022-01-16 19:06:37 - [MESSAGE][PASSED] - Object: 'Object Repository/Page_Dashboard/div_L CDE' is clicked on

2022-01-16 19:06:37 - [TEST_STEP][PASSED] - setText(findTestObject("Object Repository/Page_Dashboard/textarea_Use enter to send_yui_3_17_2_1_164_f30280"), "alo"): Text 'alo' is set on object 'Object Repository/Page_Dashboard/textarea_Use enter to send_yui_3_17_2_1_164_f30280'

2022-01-16 19:07:08 - [MESSAGE][INFO] - Unable to find the element located by 'By.xpath: //textarea[@id='yui_3_17_2_1_1641812082235_35']'. Please recheck the objects properties to make sure the desired element is located. 

2022-01-16 19:07:08 - [MESSAGE][WARNING] - [SELF-HEALING] Failed to find element with id 'Object Repository/Page_Dashboard/textarea_Use enter to send_yui_3_17_2_1_164_f30280'. Try using Self-healing.

2022-01-16 19:07:09 - [MESSAGE][WARNING] - [SELF-HEALING] The current locator of test object 'Object Repository/Page_Dashboard/textarea_Use enter to send_yui_3_17_2_1_164_f30280' was broken. Propose an alternative one: '//textarea'.

2022-01-16 19:07:40 - [MESSAGE][INFO] - Unable to find the element located by 'By.xpath: //textarea[@id='yui_3_17_2_1_1641812082235_35']'. Please recheck the objects properties to make sure the desired element is located. 

2022-01-16 19:07:40 - [MESSAGE][WARNING] - [SELF-HEALING] Failed to find element with id 'Object Repository/Page_Dashboard/textarea_Use enter to send_yui_3_17_2_1_164_f30280'. Try using Self-healing.

2022-01-16 19:07:40 - [MESSAGE][WARNING] - [SELF-HEALING] The current locator of test object 'Object Repository/Page_Dashboard/textarea_Use enter to send_yui_3_17_2_1_164_f30280' was broken. Propose an alternative one: '//textarea'.

2022-01-16 19:07:40 - [MESSAGE][PASSED] - Text 'alo' is set on object 'Object Repository/Page_Dashboard/textarea_Use enter to send_yui_3_17_2_1_164_f30280'

2022-01-16 19:07:40 - [TEST_STEP][PASSED] - click(findTestObject("Object Repository/Page_Dashboard/button__btn btn-link btn-icon icon-size-3 m_754a09")): Object: 'Object Repository/Page_Dashboard/button__btn btn-link btn-icon icon-size-3 m_754a09' is clicked on

2022-01-16 19:08:11 - [MESSAGE][INFO] - Unable to find the element located by 'By.xpath: //div[@id='yui_3_17_2_1_1641812082235_36']/div/button[2]'. Please recheck the objects properties to make sure the desired element is located. 

2022-01-16 19:08:11 - [MESSAGE][WARNING] - [SELF-HEALING] Failed to find element with id 'Object Repository/Page_Dashboard/button__btn btn-link btn-icon icon-size-3 m_754a09'. Try using Self-healing.

2022-01-16 19:08:11 - [MESSAGE][WARNING] - [SELF-HEALING] The current locator of test object 'Object Repository/Page_Dashboard/button__btn btn-link btn-icon icon-size-3 m_754a09' was broken. Propose an alternative one: '(.//*[normalize-space(text()) and normalize-space(.)='😠'])[1]/following::button[2]'.

2022-01-16 19:08:12 - [MESSAGE][PASSED] - Object: 'Object Repository/Page_Dashboard/button__btn btn-link btn-icon icon-size-3 m_754a09' is clicked on

2022-01-16 19:08:12 - [TEST_STEP][PASSED] - closeBrowser(): Browser is closed

2022-01-16 19:08:12 - [MESSAGE][PASSED] - Browser is closed]]></system-out>
         <system-err><![CDATA[]]></system-err>
      </testcase>
      <testcase name="Test Cases/Chat/Chat with group" time="166.958" classname="Test Cases/Chat/Chat with group" status="PASSED">
         <system-out><![CDATA[2022-01-16 19:08:12 - [TEST_CASE][PASSED] - Test Cases/Chat/Chat with group: Test Cases/Chat/Chat with group

2022-01-16 19:08:12 - [TEST_STEP][PASSED] - openBrowser(""): Browser is opened with url: ''

2022-01-16 19:08:12 - [MESSAGE][INFO] - Starting 'Chrome' driver

2022-01-16 19:08:12 - [MESSAGE][INFO] - Action delay is set to 0 milliseconds

2022-01-16 19:08:14 - [MESSAGE][PASSED] - Browser is opened with url: ''

2022-01-16 19:08:14 - [TEST_STEP][PASSED] - closeBrowser(): Browser is closed

2022-01-16 19:08:14 - [MESSAGE][PASSED] - Browser is closed

2022-01-16 19:08:14 - [TEST_STEP][PASSED] - openBrowser(""): Browser is opened with url: ''

2022-01-16 19:08:14 - [MESSAGE][INFO] - Starting 'Chrome' driver

2022-01-16 19:08:14 - [MESSAGE][INFO] - Action delay is set to 0 milliseconds

2022-01-16 19:08:15 - [MESSAGE][PASSED] - Browser is opened with url: ''

2022-01-16 19:08:15 - [TEST_STEP][PASSED] - navigateToUrl("http://localhost/"): Navigate to 'http://localhost/' successfully

2022-01-16 19:08:17 - [MESSAGE][PASSED] - Navigate to 'http://localhost/' successfully

2022-01-16 19:08:17 - [TEST_STEP][PASSED] - click(findTestObject("Object Repository/Page_L Tm Anh/a_Log in")): Object: 'Object Repository/Page_L Tm Anh/a_Log in' is clicked on

2022-01-16 19:08:18 - [MESSAGE][PASSED] - Object: 'Object Repository/Page_L Tm Anh/a_Log in' is clicked on

2022-01-16 19:08:18 - [TEST_STEP][PASSED] - setText(findTestObject("Object Repository/Page_L Tm Anh Log in to the site/input_Username_username"), "admin"): Text 'admin' is set on object 'Object Repository/Page_L Tm Anh Log in to the site/input_Username_username'

2022-01-16 19:08:18 - [MESSAGE][PASSED] - Text 'admin' is set on object 'Object Repository/Page_L Tm Anh Log in to the site/input_Username_username'

2022-01-16 19:08:18 - [TEST_STEP][PASSED] - setEncryptedText(findTestObject("Object Repository/Page_L Tm Anh Log in to the site/input_Password_password"), "eGmz8XUbrLe3vUQiiiujBg=="): Text ****** has been set on object 'Object Repository/Page_L Tm Anh Log in to the site/input_Password_password'

2022-01-16 19:08:19 - [MESSAGE][PASSED] - Text ****** has been set on object 'Object Repository/Page_L Tm Anh Log in to the site/input_Password_password'

2022-01-16 19:08:19 - [TEST_STEP][PASSED] - click(findTestObject("Object Repository/Page_L Tm Anh Log in to the site/button_Log in")): Object: 'Object Repository/Page_L Tm Anh Log in to the site/button_Log in' is clicked on

2022-01-16 19:08:20 - [MESSAGE][PASSED] - Object: 'Object Repository/Page_L Tm Anh Log in to the site/button_Log in' is clicked on

2022-01-16 19:08:20 - [TEST_STEP][PASSED] - click(findTestObject("Object Repository/Page_Dashboard/a_0")): Object: 'Object Repository/Page_Dashboard/a_0' is clicked on

2022-01-16 19:08:52 - [MESSAGE][INFO] - Unable to find the element located by 'By.xpath: //a[@id='message-drawer-toggle-61dc107224f9a61dc1072131d45']'. Please recheck the objects properties to make sure the desired element is located. 

2022-01-16 19:08:52 - [MESSAGE][WARNING] - [SELF-HEALING] Failed to find element with id 'Object Repository/Page_Dashboard/a_0'. Try using Self-healing.

2022-01-16 19:08:52 - [MESSAGE][WARNING] - [SELF-HEALING] The current locator of test object 'Object Repository/Page_Dashboard/a_0' was broken. Propose an alternative one: '//div[@id='usernavigation']/div[2]/a'.

2022-01-16 19:08:52 - [MESSAGE][PASSED] - Object: 'Object Repository/Page_Dashboard/a_0' is clicked on

2022-01-16 19:08:52 - [TEST_STEP][PASSED] - click(findTestObject("Object Repository/Page_Dashboard/div_Team 1")): Object: 'Object Repository/Page_Dashboard/div_Team 1' is clicked on

2022-01-16 19:09:23 - [MESSAGE][INFO] - Unable to find the element located by 'By.xpath: //div[@id='view-overview-group-messages-target-61d99a8c1b06361d99a8a88c6d7']/div[2]/a/div/div'. Please recheck the objects properties to make sure the desired element is located. 

2022-01-16 19:09:23 - [MESSAGE][WARNING] - [SELF-HEALING] Failed to find element with id 'Object Repository/Page_Dashboard/div_Team 1'. Try using Self-healing.

2022-01-16 19:09:23 - [MESSAGE][WARNING] - [SELF-HEALING] The current locator of test object 'Object Repository/Page_Dashboard/div_Team 1' was broken. Propose an alternative one: '(.//*[normalize-space(text()) and normalize-space(.)='Group'])[1]/following::div[5]'.

2022-01-16 19:09:24 - [MESSAGE][PASSED] - Object: 'Object Repository/Page_Dashboard/div_Team 1' is clicked on

2022-01-16 19:09:24 - [TEST_STEP][PASSED] - setText(findTestObject("Object Repository/Page_Dashboard/textarea_Use enter to send_yui_3_17_2_1_164_167f3b"), "hello"): Text 'hello' is set on object 'Object Repository/Page_Dashboard/textarea_Use enter to send_yui_3_17_2_1_164_167f3b'

2022-01-16 19:09:55 - [MESSAGE][INFO] - Unable to find the element located by 'By.xpath: //textarea[@id='yui_3_17_2_1_1641650828764_35']'. Please recheck the objects properties to make sure the desired element is located. 

2022-01-16 19:09:55 - [MESSAGE][WARNING] - [SELF-HEALING] Failed to find element with id 'Object Repository/Page_Dashboard/textarea_Use enter to send_yui_3_17_2_1_164_167f3b'. Try using Self-healing.

2022-01-16 19:09:55 - [MESSAGE][WARNING] - [SELF-HEALING] The current locator of test object 'Object Repository/Page_Dashboard/textarea_Use enter to send_yui_3_17_2_1_164_167f3b' was broken. Propose an alternative one: '//textarea'.

2022-01-16 19:10:27 - [MESSAGE][INFO] - Unable to find the element located by 'By.xpath: //textarea[@id='yui_3_17_2_1_1641650828764_35']'. Please recheck the objects properties to make sure the desired element is located. 

2022-01-16 19:10:27 - [MESSAGE][WARNING] - [SELF-HEALING] Failed to find element with id 'Object Repository/Page_Dashboard/textarea_Use enter to send_yui_3_17_2_1_164_167f3b'. Try using Self-healing.

2022-01-16 19:10:27 - [MESSAGE][WARNING] - [SELF-HEALING] The current locator of test object 'Object Repository/Page_Dashboard/textarea_Use enter to send_yui_3_17_2_1_164_167f3b' was broken. Propose an alternative one: '//textarea'.

2022-01-16 19:10:27 - [MESSAGE][PASSED] - Text 'hello' is set on object 'Object Repository/Page_Dashboard/textarea_Use enter to send_yui_3_17_2_1_164_167f3b'

2022-01-16 19:10:27 - [TEST_STEP][PASSED] - click(findTestObject("Object Repository/Page_Dashboard/i__icon fa fa-paper-plane fa-fw")): Object: 'Object Repository/Page_Dashboard/i__icon fa fa-paper-plane fa-fw' is clicked on

2022-01-16 19:10:58 - [MESSAGE][INFO] - Unable to find the element located by 'By.xpath: //div[@id='yui_3_17_2_1_1641809714717_40']/div/button[2]/span/i'. Please recheck the objects properties to make sure the desired element is located. 

2022-01-16 19:10:58 - [MESSAGE][WARNING] - [SELF-HEALING] Failed to find element with id 'Object Repository/Page_Dashboard/i__icon fa fa-paper-plane fa-fw'. Try using Self-healing.

2022-01-16 19:10:58 - [MESSAGE][WARNING] - [SELF-HEALING] The current locator of test object 'Object Repository/Page_Dashboard/i__icon fa fa-paper-plane fa-fw' was broken. Propose an alternative one: '//button[2]/span/i'.

2022-01-16 19:10:59 - [MESSAGE][PASSED] - Object: 'Object Repository/Page_Dashboard/i__icon fa fa-paper-plane fa-fw' is clicked on

2022-01-16 19:10:59 - [TEST_STEP][PASSED] - closeBrowser(): Browser is closed

2022-01-16 19:10:59 - [MESSAGE][PASSED] - Browser is closed]]></system-out>
         <system-err><![CDATA[]]></system-err>
      </testcase>
      <testcase name="Test Cases/Chat/Chat private" time="164.756" classname="Test Cases/Chat/Chat private" status="PASSED">
         <system-out><![CDATA[2022-01-16 19:10:59 - [TEST_CASE][PASSED] - Test Cases/Chat/Chat private: Test Cases/Chat/Chat private

2022-01-16 19:10:59 - [TEST_STEP][PASSED] - openBrowser(""): Browser is opened with url: ''

2022-01-16 19:10:59 - [MESSAGE][INFO] - Starting 'Chrome' driver

2022-01-16 19:10:59 - [MESSAGE][INFO] - Action delay is set to 0 milliseconds

2022-01-16 19:11:01 - [MESSAGE][PASSED] - Browser is opened with url: ''

2022-01-16 19:11:01 - [TEST_STEP][PASSED] - navigateToUrl("http://localhost/"): Navigate to 'http://localhost/' successfully

2022-01-16 19:11:01 - [MESSAGE][PASSED] - Navigate to 'http://localhost/' successfully

2022-01-16 19:11:01 - [TEST_STEP][PASSED] - click(findTestObject("Object Repository/Page_L Tm Anh/a_Log in")): Object: 'Object Repository/Page_L Tm Anh/a_Log in' is clicked on

2022-01-16 19:11:02 - [MESSAGE][PASSED] - Object: 'Object Repository/Page_L Tm Anh/a_Log in' is clicked on

2022-01-16 19:11:02 - [TEST_STEP][PASSED] - setText(findTestObject("Object Repository/Page_L Tm Anh Log in to the site/input_Username_username"), "admin"): Text 'admin' is set on object 'Object Repository/Page_L Tm Anh Log in to the site/input_Username_username'

2022-01-16 19:11:03 - [MESSAGE][PASSED] - Text 'admin' is set on object 'Object Repository/Page_L Tm Anh Log in to the site/input_Username_username'

2022-01-16 19:11:03 - [TEST_STEP][PASSED] - setEncryptedText(findTestObject("Object Repository/Page_L Tm Anh Log in to the site/input_Password_password"), "eGmz8XUbrLe3vUQiiiujBg=="): Text ****** has been set on object 'Object Repository/Page_L Tm Anh Log in to the site/input_Password_password'

2022-01-16 19:11:03 - [MESSAGE][PASSED] - Text ****** has been set on object 'Object Repository/Page_L Tm Anh Log in to the site/input_Password_password'

2022-01-16 19:11:03 - [TEST_STEP][PASSED] - click(findTestObject("Object Repository/Page_L Tm Anh Log in to the site/button_Log in")): Object: 'Object Repository/Page_L Tm Anh Log in to the site/button_Log in' is clicked on

2022-01-16 19:11:04 - [MESSAGE][PASSED] - Object: 'Object Repository/Page_L Tm Anh Log in to the site/button_Log in' is clicked on

2022-01-16 19:11:04 - [TEST_STEP][PASSED] - click(findTestObject("Object Repository/Page_Dashboard/a_0")): Object: 'Object Repository/Page_Dashboard/a_0' is clicked on

2022-01-16 19:11:35 - [MESSAGE][INFO] - Unable to find the element located by 'By.xpath: //a[@id='message-drawer-toggle-61dc107224f9a61dc1072131d45']'. Please recheck the objects properties to make sure the desired element is located. 

2022-01-16 19:11:35 - [MESSAGE][WARNING] - [SELF-HEALING] Failed to find element with id 'Object Repository/Page_Dashboard/a_0'. Try using Self-healing.

2022-01-16 19:11:36 - [MESSAGE][WARNING] - [SELF-HEALING] The current locator of test object 'Object Repository/Page_Dashboard/a_0' was broken. Propose an alternative one: '//div[@id='usernavigation']/div[2]/a'.

2022-01-16 19:11:36 - [MESSAGE][PASSED] - Object: 'Object Repository/Page_Dashboard/a_0' is clicked on

2022-01-16 19:11:36 - [TEST_STEP][PASSED] - click(findTestObject("Object Repository/Page_Dashboard/i_hello_icon fa fa-caret-right fa-fw")): Object: 'Object Repository/Page_Dashboard/i_hello_icon fa fa-caret-right fa-fw' is clicked on

2022-01-16 19:11:37 - [MESSAGE][PASSED] - Object: 'Object Repository/Page_Dashboard/i_hello_icon fa fa-caret-right fa-fw' is clicked on

2022-01-16 19:11:37 - [TEST_STEP][PASSED] - click(findTestObject("Object Repository/Page_Dashboard/div_Student Two")): Object: 'Object Repository/Page_Dashboard/div_Student Two' is clicked on

2022-01-16 19:12:08 - [MESSAGE][INFO] - Unable to find the element located by 'By.xpath: //div[@id='view-overview-messages-target-61dc0732a02da61dc07328cc3c7']/div[2]/a/div/div'. Please recheck the objects properties to make sure the desired element is located. 

2022-01-16 19:12:08 - [MESSAGE][WARNING] - [SELF-HEALING] Failed to find element with id 'Object Repository/Page_Dashboard/div_Student Two'. Try using Self-healing.

2022-01-16 19:12:08 - [MESSAGE][WARNING] - [SELF-HEALING] The current locator of test object 'Object Repository/Page_Dashboard/div_Student Two' was broken. Propose an alternative one: '(.//*[normalize-space(text()) and normalize-space(.)='Private'])[1]/following::div[5]'.

2022-01-16 19:12:08 - [MESSAGE][PASSED] - Object: 'Object Repository/Page_Dashboard/div_Student Two' is clicked on

2022-01-16 19:12:08 - [TEST_STEP][PASSED] - setText(findTestObject("Object Repository/Page_Dashboard/textarea_Use enter to send_yui_3_17_2_1_164_1c2d5d"), "alo"): Text 'alo' is set on object 'Object Repository/Page_Dashboard/textarea_Use enter to send_yui_3_17_2_1_164_1c2d5d'

2022-01-16 19:12:40 - [MESSAGE][INFO] - Unable to find the element located by 'By.xpath: //textarea[@id='yui_3_17_2_1_1641809714717_39']'. Please recheck the objects properties to make sure the desired element is located. 

2022-01-16 19:12:40 - [MESSAGE][WARNING] - [SELF-HEALING] Failed to find element with id 'Object Repository/Page_Dashboard/textarea_Use enter to send_yui_3_17_2_1_164_1c2d5d'. Try using Self-healing.

2022-01-16 19:12:40 - [MESSAGE][WARNING] - [SELF-HEALING] The current locator of test object 'Object Repository/Page_Dashboard/textarea_Use enter to send_yui_3_17_2_1_164_1c2d5d' was broken. Propose an alternative one: '//textarea'.

2022-01-16 19:13:11 - [MESSAGE][INFO] - Unable to find the element located by 'By.xpath: //textarea[@id='yui_3_17_2_1_1641809714717_39']'. Please recheck the objects properties to make sure the desired element is located. 

2022-01-16 19:13:11 - [MESSAGE][WARNING] - [SELF-HEALING] Failed to find element with id 'Object Repository/Page_Dashboard/textarea_Use enter to send_yui_3_17_2_1_164_1c2d5d'. Try using Self-healing.

2022-01-16 19:13:12 - [MESSAGE][WARNING] - [SELF-HEALING] The current locator of test object 'Object Repository/Page_Dashboard/textarea_Use enter to send_yui_3_17_2_1_164_1c2d5d' was broken. Propose an alternative one: '//textarea'.

2022-01-16 19:13:12 - [MESSAGE][PASSED] - Text 'alo' is set on object 'Object Repository/Page_Dashboard/textarea_Use enter to send_yui_3_17_2_1_164_1c2d5d'

2022-01-16 19:13:12 - [TEST_STEP][PASSED] - click(findTestObject("Object Repository/Page_Dashboard/i__icon fa fa-paper-plane fa-fw")): Object: 'Object Repository/Page_Dashboard/i__icon fa fa-paper-plane fa-fw' is clicked on

2022-01-16 19:13:43 - [MESSAGE][INFO] - Unable to find the element located by 'By.xpath: //div[@id='yui_3_17_2_1_1641809714717_40']/div/button[2]/span/i'. Please recheck the objects properties to make sure the desired element is located. 

2022-01-16 19:13:43 - [MESSAGE][WARNING] - [SELF-HEALING] Failed to find element with id 'Object Repository/Page_Dashboard/i__icon fa fa-paper-plane fa-fw'. Try using Self-healing.

2022-01-16 19:13:43 - [MESSAGE][WARNING] - [SELF-HEALING] The current locator of test object 'Object Repository/Page_Dashboard/i__icon fa fa-paper-plane fa-fw' was broken. Propose an alternative one: '//button[2]/span/i'.

2022-01-16 19:13:43 - [MESSAGE][PASSED] - Object: 'Object Repository/Page_Dashboard/i__icon fa fa-paper-plane fa-fw' is clicked on

2022-01-16 19:13:43 - [TEST_STEP][PASSED] - closeBrowser(): Browser is closed

2022-01-16 19:13:44 - [MESSAGE][PASSED] - Browser is closed]]></system-out>
         <system-err><![CDATA[]]></system-err>
      </testcase>
      <testcase name="Test Cases/Chat/Search user and chat" time="195.67" classname="Test Cases/Chat/Search user and chat" status="PASSED">
         <system-out><![CDATA[2022-01-16 19:13:44 - [TEST_CASE][PASSED] - Test Cases/Chat/Search user and chat: Test Cases/Chat/Search user and chat

2022-01-16 19:13:44 - [TEST_STEP][PASSED] - openBrowser(""): Browser is opened with url: ''

2022-01-16 19:13:44 - [MESSAGE][INFO] - Starting 'Chrome' driver

2022-01-16 19:13:44 - [MESSAGE][INFO] - Action delay is set to 0 milliseconds

2022-01-16 19:13:45 - [MESSAGE][PASSED] - Browser is opened with url: ''

2022-01-16 19:13:45 - [TEST_STEP][PASSED] - navigateToUrl("http://localhost/"): Navigate to 'http://localhost/' successfully

2022-01-16 19:13:46 - [MESSAGE][PASSED] - Navigate to 'http://localhost/' successfully

2022-01-16 19:13:46 - [TEST_STEP][PASSED] - click(findTestObject("Object Repository/Page_L Tm Anh/a_Log in")): Object: 'Object Repository/Page_L Tm Anh/a_Log in' is clicked on

2022-01-16 19:13:46 - [MESSAGE][PASSED] - Object: 'Object Repository/Page_L Tm Anh/a_Log in' is clicked on

2022-01-16 19:13:46 - [TEST_STEP][PASSED] - setText(findTestObject("Object Repository/Page_L Tm Anh Log in to the site/input_Username_username"), "admin"): Text 'admin' is set on object 'Object Repository/Page_L Tm Anh Log in to the site/input_Username_username'

2022-01-16 19:13:47 - [MESSAGE][PASSED] - Text 'admin' is set on object 'Object Repository/Page_L Tm Anh Log in to the site/input_Username_username'

2022-01-16 19:13:47 - [TEST_STEP][PASSED] - setEncryptedText(findTestObject("Object Repository/Page_L Tm Anh Log in to the site/input_Password_password"), "eGmz8XUbrLe3vUQiiiujBg=="): Text ****** has been set on object 'Object Repository/Page_L Tm Anh Log in to the site/input_Password_password'

2022-01-16 19:13:48 - [MESSAGE][PASSED] - Text ****** has been set on object 'Object Repository/Page_L Tm Anh Log in to the site/input_Password_password'

2022-01-16 19:13:48 - [TEST_STEP][PASSED] - click(findTestObject("Object Repository/Page_L Tm Anh Log in to the site/button_Log in")): Object: 'Object Repository/Page_L Tm Anh Log in to the site/button_Log in' is clicked on

2022-01-16 19:13:49 - [MESSAGE][PASSED] - Object: 'Object Repository/Page_L Tm Anh Log in to the site/button_Log in' is clicked on

2022-01-16 19:13:49 - [TEST_STEP][PASSED] - click(findTestObject("Object Repository/Page_Dashboard/i_See all_icon fa fa-comment-o fa-fw")): Object: 'Object Repository/Page_Dashboard/i_See all_icon fa fa-comment-o fa-fw' is clicked on

2022-01-16 19:14:20 - [MESSAGE][INFO] - Unable to find the element located by 'By.xpath: //a[@id='message-drawer-toggle-61da31feb585e61da31fe9dea25']/i'. Please recheck the objects properties to make sure the desired element is located. 

2022-01-16 19:14:20 - [MESSAGE][WARNING] - [SELF-HEALING] Failed to find element with id 'Object Repository/Page_Dashboard/i_See all_icon fa fa-comment-o fa-fw'. Try using Self-healing.

2022-01-16 19:14:20 - [MESSAGE][WARNING] - [SELF-HEALING] The current locator of test object 'Object Repository/Page_Dashboard/i_See all_icon fa fa-comment-o fa-fw' was broken. Propose an alternative one: '//div[2]/a/i'.

2022-01-16 19:14:20 - [MESSAGE][PASSED] - Object: 'Object Repository/Page_Dashboard/i_See all_icon fa fa-comment-o fa-fw' is clicked on

2022-01-16 19:14:20 - [TEST_STEP][PASSED] - setText(findTestObject("Object Repository/Page_Dashboard/input_Messages selected_form-control"), "Anh Le"): Text 'Anh Le' is set on object 'Object Repository/Page_Dashboard/input_Messages selected_form-control'

2022-01-16 19:14:22 - [MESSAGE][PASSED] - Text 'Anh Le' is set on object 'Object Repository/Page_Dashboard/input_Messages selected_form-control'

2022-01-16 19:14:22 - [TEST_STEP][PASSED] - click(findTestObject("Object Repository/Page_Dashboard/i_Messages selected_icon fa fa-search fa-fw")): Object: 'Object Repository/Page_Dashboard/i_Messages selected_icon fa fa-search fa-fw' is clicked on

2022-01-16 19:14:53 - [MESSAGE][INFO] - Unable to find the element located by 'By.xpath: //div[@id='yui_3_17_2_1_1641689598842_31']/div[4]/div/div/div/button/span/i'. Please recheck the objects properties to make sure the desired element is located. 

2022-01-16 19:14:53 - [MESSAGE][WARNING] - [SELF-HEALING] Failed to find element with id 'Object Repository/Page_Dashboard/i_Messages selected_icon fa fa-search fa-fw'. Try using Self-healing.

2022-01-16 19:14:53 - [MESSAGE][WARNING] - [SELF-HEALING] The current locator of test object 'Object Repository/Page_Dashboard/i_Messages selected_icon fa fa-search fa-fw' was broken. Propose an alternative one: '//button/span/i'.

2022-01-16 19:14:53 - [MESSAGE][PASSED] - Object: 'Object Repository/Page_Dashboard/i_Messages selected_icon fa fa-search fa-fw' is clicked on

2022-01-16 19:14:53 - [TEST_STEP][PASSED] - click(findTestObject("Object Repository/Page_Dashboard/a_Anh Lee")): Object: 'Object Repository/Page_Dashboard/a_Anh Lee' is clicked on

2022-01-16 19:15:24 - [MESSAGE][INFO] - Unable to find the element located by 'By.xpath: //div[@id='yui_3_17_2_1_1641689598842_26']/div[6]/div/div/div/div[2]/div/a'. Please recheck the objects properties to make sure the desired element is located. 

2022-01-16 19:15:24 - [MESSAGE][WARNING] - [SELF-HEALING] Failed to find element with id 'Object Repository/Page_Dashboard/a_Anh Lee'. Try using Self-healing.

2022-01-16 19:15:25 - [MESSAGE][WARNING] - [SELF-HEALING] The current locator of test object 'Object Repository/Page_Dashboard/a_Anh Lee' was broken. Propose an alternative one: '(.//*[normalize-space(text()) and normalize-space(.)='Non-contacts'])[1]/following::a[1]'.

2022-01-16 19:15:25 - [MESSAGE][PASSED] - Object: 'Object Repository/Page_Dashboard/a_Anh Lee' is clicked on

2022-01-16 19:15:25 - [TEST_STEP][PASSED] - setText(findTestObject("Object Repository/Page_Dashboard/textarea_Use enter to send_yui_3_17_2_1_164_9e4947"), "kk"): Text 'kk' is set on object 'Object Repository/Page_Dashboard/textarea_Use enter to send_yui_3_17_2_1_164_9e4947'

2022-01-16 19:15:56 - [MESSAGE][INFO] - Unable to find the element located by 'By.xpath: //textarea[@id='yui_3_17_2_1_1641689351127_51']'. Please recheck the objects properties to make sure the desired element is located. 

2022-01-16 19:15:56 - [MESSAGE][WARNING] - [SELF-HEALING] Failed to find element with id 'Object Repository/Page_Dashboard/textarea_Use enter to send_yui_3_17_2_1_164_9e4947'. Try using Self-healing.

2022-01-16 19:15:56 - [MESSAGE][WARNING] - [SELF-HEALING] The current locator of test object 'Object Repository/Page_Dashboard/textarea_Use enter to send_yui_3_17_2_1_164_9e4947' was broken. Propose an alternative one: '//textarea'.

2022-01-16 19:16:27 - [MESSAGE][INFO] - Unable to find the element located by 'By.xpath: //textarea[@id='yui_3_17_2_1_1641689351127_51']'. Please recheck the objects properties to make sure the desired element is located. 

2022-01-16 19:16:27 - [MESSAGE][WARNING] - [SELF-HEALING] Failed to find element with id 'Object Repository/Page_Dashboard/textarea_Use enter to send_yui_3_17_2_1_164_9e4947'. Try using Self-healing.

2022-01-16 19:16:27 - [MESSAGE][WARNING] - [SELF-HEALING] The current locator of test object 'Object Repository/Page_Dashboard/textarea_Use enter to send_yui_3_17_2_1_164_9e4947' was broken. Propose an alternative one: '//textarea'.

2022-01-16 19:16:27 - [MESSAGE][PASSED] - Text 'kk' is set on object 'Object Repository/Page_Dashboard/textarea_Use enter to send_yui_3_17_2_1_164_9e4947'

2022-01-16 19:16:27 - [TEST_STEP][PASSED] - click(findTestObject("Object Repository/Page_Dashboard/i__icon fa fa-paper-plane fa-fw")): Object: 'Object Repository/Page_Dashboard/i__icon fa fa-paper-plane fa-fw' is clicked on

2022-01-16 19:16:59 - [MESSAGE][INFO] - Unable to find the element located by 'By.xpath: //div[@id='yui_3_17_2_1_1641809714717_40']/div/button[2]/span/i'. Please recheck the objects properties to make sure the desired element is located. 

2022-01-16 19:16:59 - [MESSAGE][WARNING] - [SELF-HEALING] Failed to find element with id 'Object Repository/Page_Dashboard/i__icon fa fa-paper-plane fa-fw'. Try using Self-healing.

2022-01-16 19:16:59 - [MESSAGE][WARNING] - [SELF-HEALING] The current locator of test object 'Object Repository/Page_Dashboard/i__icon fa fa-paper-plane fa-fw' was broken. Propose an alternative one: '//button[2]/span/i'.

2022-01-16 19:16:59 - [MESSAGE][PASSED] - Object: 'Object Repository/Page_Dashboard/i__icon fa fa-paper-plane fa-fw' is clicked on

2022-01-16 19:16:59 - [TEST_STEP][PASSED] - closeBrowser(): Browser is closed

2022-01-16 19:17:00 - [MESSAGE][PASSED] - Browser is closed]]></system-out>
         <system-err><![CDATA[]]></system-err>
      </testcase>
      <testcase name="Test Cases/Chat/Add contact" time="74.535" classname="Test Cases/Chat/Add contact" status="PASSED">
         <system-out><![CDATA[2022-01-16 19:17:00 - [TEST_CASE][PASSED] - Test Cases/Chat/Add contact: Test Cases/Chat/Add contact

2022-01-16 19:17:00 - [TEST_STEP][PASSED] - openBrowser(""): Browser is opened with url: ''

2022-01-16 19:17:00 - [MESSAGE][INFO] - Starting 'Chrome' driver

2022-01-16 19:17:00 - [MESSAGE][INFO] - Action delay is set to 0 milliseconds

2022-01-16 19:17:01 - [MESSAGE][PASSED] - Browser is opened with url: ''

2022-01-16 19:17:01 - [TEST_STEP][PASSED] - navigateToUrl("http://localhost/"): Navigate to 'http://localhost/' successfully

2022-01-16 19:17:02 - [MESSAGE][PASSED] - Navigate to 'http://localhost/' successfully

2022-01-16 19:17:02 - [TEST_STEP][PASSED] - click(findTestObject("Object Repository/Page_L Tm Anh/a_Log in")): Object: 'Object Repository/Page_L Tm Anh/a_Log in' is clicked on

2022-01-16 19:17:03 - [MESSAGE][PASSED] - Object: 'Object Repository/Page_L Tm Anh/a_Log in' is clicked on

2022-01-16 19:17:03 - [TEST_STEP][PASSED] - setText(findTestObject("Object Repository/Page_L Tm Anh Log in to the site/input_Username_username"), "admin"): Text 'admin' is set on object 'Object Repository/Page_L Tm Anh Log in to the site/input_Username_username'

2022-01-16 19:17:03 - [MESSAGE][PASSED] - Text 'admin' is set on object 'Object Repository/Page_L Tm Anh Log in to the site/input_Username_username'

2022-01-16 19:17:03 - [TEST_STEP][PASSED] - setEncryptedText(findTestObject("Object Repository/Page_L Tm Anh Log in to the site/input_Password_password"), "eGmz8XUbrLe3vUQiiiujBg=="): Text ****** has been set on object 'Object Repository/Page_L Tm Anh Log in to the site/input_Password_password'

2022-01-16 19:17:04 - [MESSAGE][PASSED] - Text ****** has been set on object 'Object Repository/Page_L Tm Anh Log in to the site/input_Password_password'

2022-01-16 19:17:04 - [TEST_STEP][PASSED] - click(findTestObject("Object Repository/Page_L Tm Anh Log in to the site/button_Log in")): Object: 'Object Repository/Page_L Tm Anh Log in to the site/button_Log in' is clicked on

2022-01-16 19:17:05 - [MESSAGE][PASSED] - Object: 'Object Repository/Page_L Tm Anh Log in to the site/button_Log in' is clicked on

2022-01-16 19:17:05 - [TEST_STEP][PASSED] - click(findTestObject("Object Repository/Page_Dashboard/a_0")): Object: 'Object Repository/Page_Dashboard/a_0' is clicked on

2022-01-16 19:17:36 - [MESSAGE][INFO] - Unable to find the element located by 'By.xpath: //a[@id='message-drawer-toggle-61dc107224f9a61dc1072131d45']'. Please recheck the objects properties to make sure the desired element is located. 

2022-01-16 19:17:36 - [MESSAGE][WARNING] - [SELF-HEALING] Failed to find element with id 'Object Repository/Page_Dashboard/a_0'. Try using Self-healing.

2022-01-16 19:17:37 - [MESSAGE][WARNING] - [SELF-HEALING] The current locator of test object 'Object Repository/Page_Dashboard/a_0' was broken. Propose an alternative one: '//div[@id='usernavigation']/div[2]/a'.

2022-01-16 19:17:37 - [MESSAGE][PASSED] - Object: 'Object Repository/Page_Dashboard/a_0' is clicked on

2022-01-16 19:17:37 - [TEST_STEP][PASSED] - setText(findTestObject("Object Repository/Page_Dashboard/input_Messages selected_form-control"), "Anh Lee"): Text 'Anh Lee' is set on object 'Object Repository/Page_Dashboard/input_Messages selected_form-control'

2022-01-16 19:17:38 - [MESSAGE][PASSED] - Text 'Anh Lee' is set on object 'Object Repository/Page_Dashboard/input_Messages selected_form-control'

2022-01-16 19:17:38 - [TEST_STEP][PASSED] - click(findTestObject("Object Repository/Page_Dashboard/button_Messages selected_btn btn-submit ico_2a7788")): Object: 'Object Repository/Page_Dashboard/button_Messages selected_btn btn-submit ico_2a7788' is clicked on

2022-01-16 19:17:39 - [MESSAGE][PASSED] - Object: 'Object Repository/Page_Dashboard/button_Messages selected_btn btn-submit ico_2a7788' is clicked on

2022-01-16 19:17:39 - [TEST_STEP][PASSED] - click(findTestObject("Object Repository/Page_Dashboard/a_Anh Lee")): Object: 'Object Repository/Page_Dashboard/a_Anh Lee' is clicked on

2022-01-16 19:18:10 - [MESSAGE][INFO] - Unable to find the element located by 'By.xpath: //div[@id='yui_3_17_2_1_1641689598842_26']/div[6]/div/div/div/div[2]/div/a'. Please recheck the objects properties to make sure the desired element is located. 

2022-01-16 19:18:10 - [MESSAGE][WARNING] - [SELF-HEALING] Failed to find element with id 'Object Repository/Page_Dashboard/a_Anh Lee'. Try using Self-healing.

2022-01-16 19:18:10 - [MESSAGE][WARNING] - [SELF-HEALING] The current locator of test object 'Object Repository/Page_Dashboard/a_Anh Lee' was broken. Propose an alternative one: '(.//*[normalize-space(text()) and normalize-space(.)='Non-contacts'])[1]/following::a[1]'.

2022-01-16 19:18:10 - [MESSAGE][PASSED] - Object: 'Object Repository/Page_Dashboard/a_Anh Lee' is clicked on

2022-01-16 19:18:10 - [TEST_STEP][PASSED] - click(findTestObject("Object Repository/Page_Dashboard/i_Anh Lee_icon fa fa-ellipsis-h fa-fw")): Object: 'Object Repository/Page_Dashboard/i_Anh Lee_icon fa fa-ellipsis-h fa-fw' is clicked on

2022-01-16 19:18:12 - [MESSAGE][PASSED] - Object: 'Object Repository/Page_Dashboard/i_Anh Lee_icon fa fa-ellipsis-h fa-fw' is clicked on

2022-01-16 19:18:12 - [TEST_STEP][PASSED] - click(findTestObject("Object Repository/Page_Dashboard/a_User info")): Object: 'Object Repository/Page_Dashboard/a_User info' is clicked on

2022-01-16 19:18:12 - [MESSAGE][PASSED] - Object: 'Object Repository/Page_Dashboard/a_User info' is clicked on

2022-01-16 19:18:12 - [TEST_STEP][PASSED] - click(findTestObject("Object Repository/Page_Dashboard/button_Add to contacts")): Object: 'Object Repository/Page_Dashboard/button_Add to contacts' is clicked on

2022-01-16 19:18:13 - [MESSAGE][PASSED] - Object: 'Object Repository/Page_Dashboard/button_Add to contacts' is clicked on

2022-01-16 19:18:13 - [TEST_STEP][PASSED] - click(findTestObject("Object Repository/Page_Dashboard/button_Add")): Object: 'Object Repository/Page_Dashboard/button_Add' is clicked on

2022-01-16 19:18:14 - [MESSAGE][PASSED] - Object: 'Object Repository/Page_Dashboard/button_Add' is clicked on

2022-01-16 19:18:14 - [TEST_STEP][PASSED] - closeBrowser(): Browser is closed

2022-01-16 19:18:14 - [MESSAGE][PASSED] - Browser is closed]]></system-out>
         <system-err><![CDATA[]]></system-err>
      </testcase>
      <testcase name="Test Cases/Chat/Accept contact" time="164.342" classname="Test Cases/Chat/Accept contact" status="PASSED">
         <system-out><![CDATA[2022-01-16 19:18:14 - [TEST_CASE][PASSED] - Test Cases/Chat/Accept contact: Test Cases/Chat/Accept contact

2022-01-16 19:18:14 - [TEST_STEP][PASSED] - openBrowser(""): Browser is opened with url: ''

2022-01-16 19:18:14 - [MESSAGE][INFO] - Starting 'Chrome' driver

2022-01-16 19:18:14 - [MESSAGE][INFO] - Action delay is set to 0 milliseconds

2022-01-16 19:18:16 - [MESSAGE][PASSED] - Browser is opened with url: ''

2022-01-16 19:18:16 - [TEST_STEP][PASSED] - navigateToUrl("http://localhost/"): Navigate to 'http://localhost/' successfully

2022-01-16 19:18:16 - [MESSAGE][PASSED] - Navigate to 'http://localhost/' successfully

2022-01-16 19:18:16 - [TEST_STEP][PASSED] - click(findTestObject("Object Repository/Page_L Tm Anh/a_Log in")): Object: 'Object Repository/Page_L Tm Anh/a_Log in' is clicked on

2022-01-16 19:18:17 - [MESSAGE][PASSED] - Object: 'Object Repository/Page_L Tm Anh/a_Log in' is clicked on

2022-01-16 19:18:17 - [TEST_STEP][PASSED] - setText(findTestObject("Object Repository/Page_L Tm Anh Log in to the site/input_Username_username"), "admin3"): Text 'admin3' is set on object 'Object Repository/Page_L Tm Anh Log in to the site/input_Username_username'

2022-01-16 19:18:18 - [MESSAGE][PASSED] - Text 'admin3' is set on object 'Object Repository/Page_L Tm Anh Log in to the site/input_Username_username'

2022-01-16 19:18:18 - [TEST_STEP][PASSED] - setEncryptedText(findTestObject("Object Repository/Page_L Tm Anh Log in to the site/input_Password_password"), "eGmz8XUbrLe3vUQiiiujBg=="): Text ****** has been set on object 'Object Repository/Page_L Tm Anh Log in to the site/input_Password_password'

2022-01-16 19:18:18 - [MESSAGE][PASSED] - Text ****** has been set on object 'Object Repository/Page_L Tm Anh Log in to the site/input_Password_password'

2022-01-16 19:18:18 - [TEST_STEP][PASSED] - click(findTestObject("Object Repository/Page_L Tm Anh Log in to the site/button_Log in")): Object: 'Object Repository/Page_L Tm Anh Log in to the site/button_Log in' is clicked on

2022-01-16 19:18:20 - [MESSAGE][PASSED] - Object: 'Object Repository/Page_L Tm Anh Log in to the site/button_Log in' is clicked on

2022-01-16 19:18:20 - [TEST_STEP][PASSED] - click(findTestObject("Object Repository/Page_Dashboard/i_See all_icon fa fa-comment-o fa-fw")): Object: 'Object Repository/Page_Dashboard/i_See all_icon fa fa-comment-o fa-fw' is clicked on

2022-01-16 19:18:51 - [MESSAGE][INFO] - Unable to find the element located by 'By.xpath: //a[@id='message-drawer-toggle-61da31feb585e61da31fe9dea25']/i'. Please recheck the objects properties to make sure the desired element is located. 

2022-01-16 19:18:51 - [MESSAGE][WARNING] - [SELF-HEALING] Failed to find element with id 'Object Repository/Page_Dashboard/i_See all_icon fa fa-comment-o fa-fw'. Try using Self-healing.

2022-01-16 19:18:51 - [MESSAGE][WARNING] - [SELF-HEALING] The current locator of test object 'Object Repository/Page_Dashboard/i_See all_icon fa fa-comment-o fa-fw' was broken. Propose an alternative one: '//div[2]/a/i'.

2022-01-16 19:18:51 - [MESSAGE][PASSED] - Object: 'Object Repository/Page_Dashboard/i_See all_icon fa fa-comment-o fa-fw' is clicked on

2022-01-16 19:18:51 - [TEST_STEP][PASSED] - click(findTestObject("Object Repository/Page_Dashboard/a_Contacts                                 _4239a2")): Object: 'Object Repository/Page_Dashboard/a_Contacts                                 _4239a2' is clicked on

2022-01-16 19:19:23 - [MESSAGE][INFO] - Unable to find the element located by 'By.xpath: //div[@id='message-drawer-61d55e0da414861d55e0d8b2d37']/div[2]/div[3]/div[2]/a'. Please recheck the objects properties to make sure the desired element is located. 

2022-01-16 19:19:23 - [MESSAGE][WARNING] - [SELF-HEALING] Failed to find element with id 'Object Repository/Page_Dashboard/a_Contacts                                 _4239a2'. Try using Self-healing.

2022-01-16 19:19:23 - [MESSAGE][WARNING] - [SELF-HEALING] The current locator of test object 'Object Repository/Page_Dashboard/a_Contacts                                 _4239a2' was broken. Propose an alternative one: '(.//*[normalize-space(text()) and normalize-space(.)='Contacts'])[1]/following::a[3]'.

2022-01-16 19:19:23 - [MESSAGE][PASSED] - Object: 'Object Repository/Page_Dashboard/a_Contacts                                 _4239a2' is clicked on

2022-01-16 19:19:23 - [TEST_STEP][PASSED] - click(findTestObject("Object Repository/Page_Dashboard/a_Requests                                 _76dac8")): Object: 'Object Repository/Page_Dashboard/a_Requests                                 _76dac8' is clicked on

2022-01-16 19:19:54 - [MESSAGE][INFO] - Unable to find the element located by 'By.xpath: //a[@id='requests-tab-61d55e0da414861d55e0d8b2d37']'. Please recheck the objects properties to make sure the desired element is located. 

2022-01-16 19:19:54 - [MESSAGE][WARNING] - [SELF-HEALING] Failed to find element with id 'Object Repository/Page_Dashboard/a_Requests                                 _76dac8'. Try using Self-healing.

2022-01-16 19:19:54 - [MESSAGE][WARNING] - [SELF-HEALING] The current locator of test object 'Object Repository/Page_Dashboard/a_Requests                                 _76dac8' was broken. Propose an alternative one: '(.//*[normalize-space(text()) and normalize-space(.)='Contacts'])[2]/following::a[1]'.

2022-01-16 19:19:55 - [MESSAGE][PASSED] - Object: 'Object Repository/Page_Dashboard/a_Requests                                 _76dac8' is clicked on

2022-01-16 19:19:55 - [TEST_STEP][PASSED] - click(findTestObject("Object Repository/Page_Dashboard/p_Would like to contact you")): Object: 'Object Repository/Page_Dashboard/p_Would like to contact you' is clicked on

2022-01-16 19:20:26 - [MESSAGE][INFO] - Unable to find the element located by 'By.xpath: //div[@id='requests-tab-panel-61d55e0da414861d55e0d8b2d37']/div[2]/a/div/p'. Please recheck the objects properties to make sure the desired element is located. 

2022-01-16 19:20:26 - [MESSAGE][WARNING] - [SELF-HEALING] Failed to find element with id 'Object Repository/Page_Dashboard/p_Would like to contact you'. Try using Self-healing.

2022-01-16 19:20:26 - [MESSAGE][WARNING] - [SELF-HEALING] The current locator of test object 'Object Repository/Page_Dashboard/p_Would like to contact you' was broken. Propose an alternative one: '(.//*[normalize-space(text()) and normalize-space(.)='Admin User'])[1]/following::p[1]'.

2022-01-16 19:20:26 - [MESSAGE][PASSED] - Object: 'Object Repository/Page_Dashboard/p_Would like to contact you' is clicked on

2022-01-16 19:20:26 - [TEST_STEP][PASSED] - click(findTestObject("Object Repository/Page_Dashboard/span_Accept and add to contacts")): Object: 'Object Repository/Page_Dashboard/span_Accept and add to contacts' is clicked on

2022-01-16 19:20:58 - [MESSAGE][INFO] - Unable to find the element located by 'By.xpath: //div[@id='yui_3_17_2_1_1641373197849_26']/div[3]/div/div[2]/div/button[8]/span'. Please recheck the objects properties to make sure the desired element is located. 

2022-01-16 19:20:58 - [MESSAGE][WARNING] - [SELF-HEALING] Failed to find element with id 'Object Repository/Page_Dashboard/span_Accept and add to contacts'. Try using Self-healing.

2022-01-16 19:20:58 - [MESSAGE][WARNING] - [SELF-HEALING] The current locator of test object 'Object Repository/Page_Dashboard/span_Accept and add to contacts' was broken. Propose an alternative one: '(.//*[normalize-space(text()) and normalize-space(.)='Send contact request'])[1]/following::span[3]'.

2022-01-16 19:20:58 - [MESSAGE][PASSED] - Object: 'Object Repository/Page_Dashboard/span_Accept and add to contacts' is clicked on

2022-01-16 19:20:58 - [TEST_STEP][PASSED] - closeBrowser(): Browser is closed

2022-01-16 19:20:59 - [MESSAGE][PASSED] - Browser is closed]]></system-out>
         <system-err><![CDATA[]]></system-err>
      </testcase>
      <testcase name="Test Cases/Chat/Remove a contact" time="103.843" classname="Test Cases/Chat/Remove a contact" status="PASSED">
         <system-out><![CDATA[2022-01-16 19:20:59 - [TEST_CASE][PASSED] - Test Cases/Chat/Remove a contact: Test Cases/Chat/Remove a contact

2022-01-16 19:20:59 - [TEST_STEP][PASSED] - openBrowser(""): Browser is opened with url: ''

2022-01-16 19:20:59 - [MESSAGE][INFO] - Starting 'Chrome' driver

2022-01-16 19:20:59 - [MESSAGE][INFO] - Action delay is set to 0 milliseconds

2022-01-16 19:21:00 - [MESSAGE][PASSED] - Browser is opened with url: ''

2022-01-16 19:21:00 - [TEST_STEP][PASSED] - navigateToUrl("http://localhost/"): Navigate to 'http://localhost/' successfully

2022-01-16 19:21:01 - [MESSAGE][PASSED] - Navigate to 'http://localhost/' successfully

2022-01-16 19:21:01 - [TEST_STEP][PASSED] - click(findTestObject("Object Repository/Page_L Tm Anh/a_Log in")): Object: 'Object Repository/Page_L Tm Anh/a_Log in' is clicked on

2022-01-16 19:21:01 - [MESSAGE][PASSED] - Object: 'Object Repository/Page_L Tm Anh/a_Log in' is clicked on

2022-01-16 19:21:01 - [TEST_STEP][PASSED] - setText(findTestObject("Object Repository/Page_L Tm Anh Log in to the site/input_Username_username"), "admin"): Text 'admin' is set on object 'Object Repository/Page_L Tm Anh Log in to the site/input_Username_username'

2022-01-16 19:21:02 - [MESSAGE][PASSED] - Text 'admin' is set on object 'Object Repository/Page_L Tm Anh Log in to the site/input_Username_username'

2022-01-16 19:21:02 - [TEST_STEP][PASSED] - setEncryptedText(findTestObject("Object Repository/Page_L Tm Anh Log in to the site/input_Password_password"), "eGmz8XUbrLe3vUQiiiujBg=="): Text ****** has been set on object 'Object Repository/Page_L Tm Anh Log in to the site/input_Password_password'

2022-01-16 19:21:02 - [MESSAGE][PASSED] - Text ****** has been set on object 'Object Repository/Page_L Tm Anh Log in to the site/input_Password_password'

2022-01-16 19:21:02 - [TEST_STEP][PASSED] - click(findTestObject("Object Repository/Page_L Tm Anh Log in to the site/button_Log in")): Object: 'Object Repository/Page_L Tm Anh Log in to the site/button_Log in' is clicked on

2022-01-16 19:21:04 - [MESSAGE][PASSED] - Object: 'Object Repository/Page_L Tm Anh Log in to the site/button_Log in' is clicked on

2022-01-16 19:21:04 - [TEST_STEP][PASSED] - click(findTestObject("Object Repository/Page_Dashboard/i_See all_icon fa fa-comment-o fa-fw")): Object: 'Object Repository/Page_Dashboard/i_See all_icon fa fa-comment-o fa-fw' is clicked on

2022-01-16 19:21:35 - [MESSAGE][INFO] - Unable to find the element located by 'By.xpath: //a[@id='message-drawer-toggle-61da31feb585e61da31fe9dea25']/i'. Please recheck the objects properties to make sure the desired element is located. 

2022-01-16 19:21:35 - [MESSAGE][WARNING] - [SELF-HEALING] Failed to find element with id 'Object Repository/Page_Dashboard/i_See all_icon fa fa-comment-o fa-fw'. Try using Self-healing.

2022-01-16 19:21:35 - [MESSAGE][WARNING] - [SELF-HEALING] The current locator of test object 'Object Repository/Page_Dashboard/i_See all_icon fa fa-comment-o fa-fw' was broken. Propose an alternative one: '//div[2]/a/i'.

2022-01-16 19:21:35 - [MESSAGE][PASSED] - Object: 'Object Repository/Page_Dashboard/i_See all_icon fa fa-comment-o fa-fw' is clicked on

2022-01-16 19:21:35 - [TEST_STEP][PASSED] - click(findTestObject("Object Repository/Page_Dashboard/button_Private                             _e23f4d")): Object: 'Object Repository/Page_Dashboard/button_Private                             _e23f4d' is clicked on

2022-01-16 19:21:36 - [MESSAGE][PASSED] - Object: 'Object Repository/Page_Dashboard/button_Private                             _e23f4d' is clicked on

2022-01-16 19:21:36 - [TEST_STEP][PASSED] - click(findTestObject("Object Repository/Page_Dashboard/i__icon fa fa-chevron-right fa-fw")): Object: 'Object Repository/Page_Dashboard/i__icon fa fa-chevron-right fa-fw' is clicked on

2022-01-16 19:22:07 - [MESSAGE][INFO] - Unable to find the element located by 'By.xpath: //div[@id='view-overview-messages-target-61d5c032d7e3961d5c032c12767']/div[2]/a/div[2]/div[2]/div/span/i'. Please recheck the objects properties to make sure the desired element is located. 

2022-01-16 19:22:07 - [MESSAGE][WARNING] - [SELF-HEALING] Failed to find element with id 'Object Repository/Page_Dashboard/i__icon fa fa-chevron-right fa-fw'. Try using Self-healing.

2022-01-16 19:22:08 - [MESSAGE][WARNING] - [SELF-HEALING] The current locator of test object 'Object Repository/Page_Dashboard/i__icon fa fa-chevron-right fa-fw' was broken. Propose an alternative one: '//div[3]/div[2]/div[2]/a/div[2]/div[2]/div/span/i'.

2022-01-16 19:22:08 - [MESSAGE][PASSED] - Object: 'Object Repository/Page_Dashboard/i__icon fa fa-chevron-right fa-fw' is clicked on

2022-01-16 19:22:08 - [TEST_STEP][PASSED] - click(findTestObject("Object Repository/Page_Dashboard/button_Anh Lee_conversation-actions-menu-button")): Object: 'Object Repository/Page_Dashboard/button_Anh Lee_conversation-actions-menu-button' is clicked on

2022-01-16 19:22:09 - [MESSAGE][PASSED] - Object: 'Object Repository/Page_Dashboard/button_Anh Lee_conversation-actions-menu-button' is clicked on

2022-01-16 19:22:09 - [TEST_STEP][PASSED] - click(findTestObject("Object Repository/Page_Dashboard/a_User info")): Object: 'Object Repository/Page_Dashboard/a_User info' is clicked on

2022-01-16 19:22:10 - [MESSAGE][PASSED] - Object: 'Object Repository/Page_Dashboard/a_User info' is clicked on

2022-01-16 19:22:10 - [TEST_STEP][PASSED] - click(findTestObject("Object Repository/Page_Dashboard/button_Remove from contacts")): Object: 'Object Repository/Page_Dashboard/button_Remove from contacts' is clicked on

2022-01-16 19:22:10 - [MESSAGE][PASSED] - Object: 'Object Repository/Page_Dashboard/button_Remove from contacts' is clicked on

2022-01-16 19:22:10 - [TEST_STEP][PASSED] - click(findTestObject("Object Repository/Page_Dashboard/span_Remove")): Object: 'Object Repository/Page_Dashboard/span_Remove' is clicked on

2022-01-16 19:22:41 - [MESSAGE][INFO] - Unable to find the element located by 'By.xpath: //div[@id='yui_3_17_2_1_1641398322952_26']/div[3]/div/div[2]/div/button[3]/span'. Please recheck the objects properties to make sure the desired element is located. 

2022-01-16 19:22:41 - [MESSAGE][WARNING] - [SELF-HEALING] Failed to find element with id 'Object Repository/Page_Dashboard/span_Remove'. Try using Self-healing.

2022-01-16 19:22:42 - [MESSAGE][WARNING] - [SELF-HEALING] The current locator of test object 'Object Repository/Page_Dashboard/span_Remove' was broken. Propose an alternative one: '(.//*[normalize-space(text()) and normalize-space(.)='Unblock'])[1]/following::span[3]'.

2022-01-16 19:22:42 - [MESSAGE][PASSED] - Object: 'Object Repository/Page_Dashboard/span_Remove' is clicked on

2022-01-16 19:22:42 - [TEST_STEP][PASSED] - closeBrowser(): Browser is closed

2022-01-16 19:22:42 - [MESSAGE][PASSED] - Browser is closed]]></system-out>
         <system-err><![CDATA[]]></system-err>
      </testcase>
      <testcase name="Test Cases/Chat/Cancel block user" time="104.778" classname="Test Cases/Chat/Cancel block user" status="PASSED">
         <system-out><![CDATA[2022-01-16 19:22:42 - [TEST_CASE][PASSED] - Test Cases/Chat/Cancel block user: Test Cases/Chat/Cancel block user

2022-01-16 19:22:43 - [TEST_STEP][PASSED] - openBrowser(""): Browser is opened with url: ''

2022-01-16 19:22:43 - [MESSAGE][INFO] - Starting 'Chrome' driver

2022-01-16 19:22:43 - [MESSAGE][INFO] - Action delay is set to 0 milliseconds

2022-01-16 19:22:44 - [MESSAGE][PASSED] - Browser is opened with url: ''

2022-01-16 19:22:44 - [TEST_STEP][PASSED] - navigateToUrl("http://localhost/"): Navigate to 'http://localhost/' successfully

2022-01-16 19:22:45 - [MESSAGE][PASSED] - Navigate to 'http://localhost/' successfully

2022-01-16 19:22:45 - [TEST_STEP][PASSED] - click(findTestObject("Object Repository/Page_L Tm Anh/a_Log in")): Object: 'Object Repository/Page_L Tm Anh/a_Log in' is clicked on

2022-01-16 19:22:46 - [MESSAGE][PASSED] - Object: 'Object Repository/Page_L Tm Anh/a_Log in' is clicked on

2022-01-16 19:22:46 - [TEST_STEP][PASSED] - setText(findTestObject("Object Repository/Page_L Tm Anh Log in to the site/input_Username_username"), "admin"): Text 'admin' is set on object 'Object Repository/Page_L Tm Anh Log in to the site/input_Username_username'

2022-01-16 19:22:47 - [MESSAGE][PASSED] - Text 'admin' is set on object 'Object Repository/Page_L Tm Anh Log in to the site/input_Username_username'

2022-01-16 19:22:47 - [TEST_STEP][PASSED] - setEncryptedText(findTestObject("Object Repository/Page_L Tm Anh Log in to the site/input_Password_password"), "eGmz8XUbrLe3vUQiiiujBg=="): Text ****** has been set on object 'Object Repository/Page_L Tm Anh Log in to the site/input_Password_password'

2022-01-16 19:22:47 - [MESSAGE][PASSED] - Text ****** has been set on object 'Object Repository/Page_L Tm Anh Log in to the site/input_Password_password'

2022-01-16 19:22:47 - [TEST_STEP][PASSED] - click(findTestObject("Object Repository/Page_L Tm Anh Log in to the site/button_Log in")): Object: 'Object Repository/Page_L Tm Anh Log in to the site/button_Log in' is clicked on

2022-01-16 19:22:48 - [MESSAGE][PASSED] - Object: 'Object Repository/Page_L Tm Anh Log in to the site/button_Log in' is clicked on

2022-01-16 19:22:48 - [TEST_STEP][PASSED] - click(findTestObject("Object Repository/Page_Dashboard/a_0")): Object: 'Object Repository/Page_Dashboard/a_0' is clicked on

2022-01-16 19:23:19 - [MESSAGE][INFO] - Unable to find the element located by 'By.xpath: //a[@id='message-drawer-toggle-61dc107224f9a61dc1072131d45']'. Please recheck the objects properties to make sure the desired element is located. 

2022-01-16 19:23:19 - [MESSAGE][WARNING] - [SELF-HEALING] Failed to find element with id 'Object Repository/Page_Dashboard/a_0'. Try using Self-healing.

2022-01-16 19:23:20 - [MESSAGE][WARNING] - [SELF-HEALING] The current locator of test object 'Object Repository/Page_Dashboard/a_0' was broken. Propose an alternative one: '//div[@id='usernavigation']/div[2]/a'.

2022-01-16 19:23:20 - [MESSAGE][PASSED] - Object: 'Object Repository/Page_Dashboard/a_0' is clicked on

2022-01-16 19:23:20 - [TEST_STEP][PASSED] - setText(findTestObject("Object Repository/Page_Dashboard/input_Messages selected_form-control"), "student"): Text 'student' is set on object 'Object Repository/Page_Dashboard/input_Messages selected_form-control'

2022-01-16 19:23:21 - [MESSAGE][PASSED] - Text 'student' is set on object 'Object Repository/Page_Dashboard/input_Messages selected_form-control'

2022-01-16 19:23:21 - [TEST_STEP][PASSED] - click(findTestObject("Object Repository/Page_Dashboard/button_Messages selected_btn btn-submit ico_2a7788")): Object: 'Object Repository/Page_Dashboard/button_Messages selected_btn btn-submit ico_2a7788' is clicked on

2022-01-16 19:23:21 - [MESSAGE][PASSED] - Object: 'Object Repository/Page_Dashboard/button_Messages selected_btn btn-submit ico_2a7788' is clicked on

2022-01-16 19:23:21 - [TEST_STEP][PASSED] - click(findTestObject("Object Repository/Page_Dashboard/a_Student One")): Object: 'Object Repository/Page_Dashboard/a_Student One' is clicked on

2022-01-16 19:23:53 - [MESSAGE][INFO] - Unable to find the element located by 'By.xpath: //div[@id='yui_3_17_2_1_1641386046992_25']/div[6]/div/div/div/div[2]/div/a'. Please recheck the objects properties to make sure the desired element is located. 

2022-01-16 19:23:53 - [MESSAGE][WARNING] - [SELF-HEALING] Failed to find element with id 'Object Repository/Page_Dashboard/a_Student One'. Try using Self-healing.

2022-01-16 19:23:53 - [MESSAGE][WARNING] - [SELF-HEALING] The current locator of test object 'Object Repository/Page_Dashboard/a_Student One' was broken. Propose an alternative one: '(.//*[normalize-space(text()) and normalize-space(.)='Non-contacts'])[1]/following::a[1]'.

2022-01-16 19:23:53 - [MESSAGE][PASSED] - Object: 'Object Repository/Page_Dashboard/a_Student One' is clicked on

2022-01-16 19:23:53 - [TEST_STEP][PASSED] - click(findTestObject("Object Repository/Page_Dashboard/i_Student One_icon fa fa-ellipsis-h fa-fw")): Object: 'Object Repository/Page_Dashboard/i_Student One_icon fa fa-ellipsis-h fa-fw' is clicked on

2022-01-16 19:23:54 - [MESSAGE][PASSED] - Object: 'Object Repository/Page_Dashboard/i_Student One_icon fa fa-ellipsis-h fa-fw' is clicked on

2022-01-16 19:23:54 - [TEST_STEP][PASSED] - click(findTestObject("Object Repository/Page_Dashboard/a_Block user")): Object: 'Object Repository/Page_Dashboard/a_Block user' is clicked on

2022-01-16 19:23:55 - [MESSAGE][PASSED] - Object: 'Object Repository/Page_Dashboard/a_Block user' is clicked on

2022-01-16 19:23:55 - [TEST_STEP][PASSED] - click(findTestObject("Object Repository/Page_Dashboard/button_Cancel")): Object: 'Object Repository/Page_Dashboard/button_Cancel' is clicked on

2022-01-16 19:24:26 - [MESSAGE][INFO] - Unable to find the element located by 'By.xpath: (//button[@type='button'])[22]'. Please recheck the objects properties to make sure the desired element is located. 

2022-01-16 19:24:26 - [MESSAGE][WARNING] - [SELF-HEALING] Failed to find element with id 'Object Repository/Page_Dashboard/button_Cancel'. Try using Self-healing.

2022-01-16 19:24:26 - [MESSAGE][WARNING] - [SELF-HEALING] The current locator of test object 'Object Repository/Page_Dashboard/button_Cancel' was broken. Propose an alternative one: '(.//*[normalize-space(text()) and normalize-space(.)='OK'])[1]/following::button[1]'.

2022-01-16 19:24:26 - [MESSAGE][PASSED] - Object: 'Object Repository/Page_Dashboard/button_Cancel' is clicked on

2022-01-16 19:24:26 - [TEST_STEP][PASSED] - closeBrowser(): Browser is closed

2022-01-16 19:24:27 - [MESSAGE][PASSED] - Browser is closed]]></system-out>
         <system-err><![CDATA[]]></system-err>
      </testcase>
      <testcase name="Test Cases/Chat/Block user" time="74.487" classname="Test Cases/Chat/Block user" status="PASSED">
         <system-out><![CDATA[2022-01-16 19:24:27 - [TEST_CASE][PASSED] - Test Cases/Chat/Block user: Test Cases/Chat/Block user

2022-01-16 19:24:27 - [TEST_STEP][PASSED] - openBrowser(""): Browser is opened with url: ''

2022-01-16 19:24:27 - [MESSAGE][INFO] - Starting 'Chrome' driver

2022-01-16 19:24:27 - [MESSAGE][INFO] - Action delay is set to 0 milliseconds

2022-01-16 19:24:29 - [MESSAGE][PASSED] - Browser is opened with url: ''

2022-01-16 19:24:29 - [TEST_STEP][PASSED] - navigateToUrl("http://localhost/"): Navigate to 'http://localhost/' successfully

2022-01-16 19:24:29 - [MESSAGE][PASSED] - Navigate to 'http://localhost/' successfully

2022-01-16 19:24:29 - [TEST_STEP][PASSED] - click(findTestObject("Object Repository/Page_L Tm Anh/a_Log in")): Object: 'Object Repository/Page_L Tm Anh/a_Log in' is clicked on

2022-01-16 19:24:30 - [MESSAGE][PASSED] - Object: 'Object Repository/Page_L Tm Anh/a_Log in' is clicked on

2022-01-16 19:24:30 - [TEST_STEP][PASSED] - click(findTestObject("Object Repository/Page_L Tm Anh Log in to the site/form_Username                              _635ab4")): Object: 'Object Repository/Page_L Tm Anh Log in to the site/form_Username                              _635ab4' is clicked on

2022-01-16 19:24:31 - [MESSAGE][PASSED] - Object: 'Object Repository/Page_L Tm Anh Log in to the site/form_Username                              _635ab4' is clicked on

2022-01-16 19:24:31 - [TEST_STEP][PASSED] - setText(findTestObject("Object Repository/Page_L Tm Anh Log in to the site/input_Username_username"), "admin"): Text 'admin' is set on object 'Object Repository/Page_L Tm Anh Log in to the site/input_Username_username'

2022-01-16 19:24:31 - [MESSAGE][PASSED] - Text 'admin' is set on object 'Object Repository/Page_L Tm Anh Log in to the site/input_Username_username'

2022-01-16 19:24:31 - [TEST_STEP][PASSED] - setEncryptedText(findTestObject("Object Repository/Page_L Tm Anh Log in to the site/input_Password_password"), "eGmz8XUbrLe3vUQiiiujBg=="): Text ****** has been set on object 'Object Repository/Page_L Tm Anh Log in to the site/input_Password_password'

2022-01-16 19:24:32 - [MESSAGE][PASSED] - Text ****** has been set on object 'Object Repository/Page_L Tm Anh Log in to the site/input_Password_password'

2022-01-16 19:24:32 - [TEST_STEP][PASSED] - click(findTestObject("Object Repository/Page_L Tm Anh Log in to the site/button_Log in")): Object: 'Object Repository/Page_L Tm Anh Log in to the site/button_Log in' is clicked on

2022-01-16 19:24:33 - [MESSAGE][PASSED] - Object: 'Object Repository/Page_L Tm Anh Log in to the site/button_Log in' is clicked on

2022-01-16 19:24:33 - [TEST_STEP][PASSED] - click(findTestObject("Object Repository/Page_Dashboard/a_0")): Object: 'Object Repository/Page_Dashboard/a_0' is clicked on

2022-01-16 19:25:04 - [MESSAGE][INFO] - Unable to find the element located by 'By.xpath: //a[@id='message-drawer-toggle-61dc107224f9a61dc1072131d45']'. Please recheck the objects properties to make sure the desired element is located. 

2022-01-16 19:25:04 - [MESSAGE][WARNING] - [SELF-HEALING] Failed to find element with id 'Object Repository/Page_Dashboard/a_0'. Try using Self-healing.

2022-01-16 19:25:04 - [MESSAGE][WARNING] - [SELF-HEALING] The current locator of test object 'Object Repository/Page_Dashboard/a_0' was broken. Propose an alternative one: '//div[@id='usernavigation']/div[2]/a'.

2022-01-16 19:25:04 - [MESSAGE][PASSED] - Object: 'Object Repository/Page_Dashboard/a_0' is clicked on

2022-01-16 19:25:04 - [TEST_STEP][PASSED] - setText(findTestObject("Object Repository/Page_Dashboard/input_Messages selected_form-control"), "student"): Text 'student' is set on object 'Object Repository/Page_Dashboard/input_Messages selected_form-control'

2022-01-16 19:25:06 - [MESSAGE][PASSED] - Text 'student' is set on object 'Object Repository/Page_Dashboard/input_Messages selected_form-control'

2022-01-16 19:25:06 - [TEST_STEP][PASSED] - click(findTestObject("Object Repository/Page_Dashboard/button_Messages selected_btn btn-submit ico_2a7788")): Object: 'Object Repository/Page_Dashboard/button_Messages selected_btn btn-submit ico_2a7788' is clicked on

2022-01-16 19:25:06 - [MESSAGE][PASSED] - Object: 'Object Repository/Page_Dashboard/button_Messages selected_btn btn-submit ico_2a7788' is clicked on

2022-01-16 19:25:06 - [TEST_STEP][PASSED] - click(findTestObject("Object Repository/Page_Dashboard/a_Student Two")): Object: 'Object Repository/Page_Dashboard/a_Student Two' is clicked on

2022-01-16 19:25:37 - [MESSAGE][INFO] - Unable to find the element located by 'By.xpath: //div[@id='yui_3_17_2_1_1641382110919_25']/div[6]/div/div/div/div[2]/div/a[2]'. Please recheck the objects properties to make sure the desired element is located. 

2022-01-16 19:25:37 - [MESSAGE][WARNING] - [SELF-HEALING] Failed to find element with id 'Object Repository/Page_Dashboard/a_Student Two'. Try using Self-healing.

2022-01-16 19:25:38 - [MESSAGE][WARNING] - [SELF-HEALING] The current locator of test object 'Object Repository/Page_Dashboard/a_Student Two' was broken. Propose an alternative one: '(.//*[normalize-space(text()) and normalize-space(.)='Student'])[1]/following::a[1]'.

2022-01-16 19:25:38 - [MESSAGE][PASSED] - Object: 'Object Repository/Page_Dashboard/a_Student Two' is clicked on

2022-01-16 19:25:38 - [TEST_STEP][PASSED] - click(findTestObject("Object Repository/Page_Dashboard/i_Student Two_icon fa fa-ellipsis-h fa-fw")): Object: 'Object Repository/Page_Dashboard/i_Student Two_icon fa fa-ellipsis-h fa-fw' is clicked on

2022-01-16 19:25:39 - [MESSAGE][PASSED] - Object: 'Object Repository/Page_Dashboard/i_Student Two_icon fa fa-ellipsis-h fa-fw' is clicked on

2022-01-16 19:25:39 - [TEST_STEP][PASSED] - click(findTestObject("Object Repository/Page_Dashboard/a_User info")): Object: 'Object Repository/Page_Dashboard/a_User info' is clicked on

2022-01-16 19:25:40 - [MESSAGE][PASSED] - Object: 'Object Repository/Page_Dashboard/a_User info' is clicked on

2022-01-16 19:25:40 - [TEST_STEP][PASSED] - click(findTestObject("Object Repository/Page_Dashboard/button_Block user")): Object: 'Object Repository/Page_Dashboard/button_Block user' is clicked on

2022-01-16 19:25:40 - [MESSAGE][PASSED] - Object: 'Object Repository/Page_Dashboard/button_Block user' is clicked on

2022-01-16 19:25:40 - [TEST_STEP][PASSED] - click(findTestObject("Object Repository/Page_Dashboard/button_Block")): Object: 'Object Repository/Page_Dashboard/button_Block' is clicked on

2022-01-16 19:25:41 - [MESSAGE][PASSED] - Object: 'Object Repository/Page_Dashboard/button_Block' is clicked on

2022-01-16 19:25:41 - [TEST_STEP][PASSED] - closeBrowser(): Browser is closed

2022-01-16 19:25:42 - [MESSAGE][PASSED] - Browser is closed]]></system-out>
         <system-err><![CDATA[]]></system-err>
      </testcase>
      <testcase name="Test Cases/Chat/Unblock user" time="165.285" classname="Test Cases/Chat/Unblock user" status="PASSED">
         <system-out><![CDATA[2022-01-16 19:25:42 - [TEST_CASE][PASSED] - Test Cases/Chat/Unblock user: Test Cases/Chat/Unblock user

2022-01-16 19:25:42 - [TEST_STEP][PASSED] - openBrowser(""): Browser is opened with url: ''

2022-01-16 19:25:42 - [MESSAGE][INFO] - Starting 'Chrome' driver

2022-01-16 19:25:42 - [MESSAGE][INFO] - Action delay is set to 0 milliseconds

2022-01-16 19:25:43 - [MESSAGE][PASSED] - Browser is opened with url: ''

2022-01-16 19:25:43 - [TEST_STEP][PASSED] - navigateToUrl("http://localhost/"): Navigate to 'http://localhost/' successfully

2022-01-16 19:25:44 - [MESSAGE][PASSED] - Navigate to 'http://localhost/' successfully

2022-01-16 19:25:44 - [TEST_STEP][PASSED] - click(findTestObject("Object Repository/Page_L Tm Anh/a_Log in")): Object: 'Object Repository/Page_L Tm Anh/a_Log in' is clicked on

2022-01-16 19:25:44 - [MESSAGE][PASSED] - Object: 'Object Repository/Page_L Tm Anh/a_Log in' is clicked on

2022-01-16 19:25:44 - [TEST_STEP][PASSED] - setText(findTestObject("Object Repository/Page_L Tm Anh Log in to the site/input_Username_username"), "admin"): Text 'admin' is set on object 'Object Repository/Page_L Tm Anh Log in to the site/input_Username_username'

2022-01-16 19:25:45 - [MESSAGE][PASSED] - Text 'admin' is set on object 'Object Repository/Page_L Tm Anh Log in to the site/input_Username_username'

2022-01-16 19:25:45 - [TEST_STEP][PASSED] - setEncryptedText(findTestObject("Object Repository/Page_L Tm Anh Log in to the site/input_Password_password"), "eGmz8XUbrLe3vUQiiiujBg=="): Text ****** has been set on object 'Object Repository/Page_L Tm Anh Log in to the site/input_Password_password'

2022-01-16 19:25:46 - [MESSAGE][PASSED] - Text ****** has been set on object 'Object Repository/Page_L Tm Anh Log in to the site/input_Password_password'

2022-01-16 19:25:46 - [TEST_STEP][PASSED] - click(findTestObject("Object Repository/Page_L Tm Anh Log in to the site/button_Log in")): Object: 'Object Repository/Page_L Tm Anh Log in to the site/button_Log in' is clicked on

2022-01-16 19:25:47 - [MESSAGE][PASSED] - Object: 'Object Repository/Page_L Tm Anh Log in to the site/button_Log in' is clicked on

2022-01-16 19:25:47 - [TEST_STEP][PASSED] - click(findTestObject("Object Repository/Page_Dashboard/i_See all_icon fa fa-comment-o fa-fw")): Object: 'Object Repository/Page_Dashboard/i_See all_icon fa fa-comment-o fa-fw' is clicked on

2022-01-16 19:26:18 - [MESSAGE][INFO] - Unable to find the element located by 'By.xpath: //a[@id='message-drawer-toggle-61da31feb585e61da31fe9dea25']/i'. Please recheck the objects properties to make sure the desired element is located. 

2022-01-16 19:26:18 - [MESSAGE][WARNING] - [SELF-HEALING] Failed to find element with id 'Object Repository/Page_Dashboard/i_See all_icon fa fa-comment-o fa-fw'. Try using Self-healing.

2022-01-16 19:26:19 - [MESSAGE][WARNING] - [SELF-HEALING] The current locator of test object 'Object Repository/Page_Dashboard/i_See all_icon fa fa-comment-o fa-fw' was broken. Propose an alternative one: '//div[2]/a/i'.

2022-01-16 19:26:19 - [MESSAGE][PASSED] - Object: 'Object Repository/Page_Dashboard/i_See all_icon fa fa-comment-o fa-fw' is clicked on

2022-01-16 19:26:19 - [TEST_STEP][PASSED] - setText(findTestObject("Object Repository/Page_Dashboard/input_Messages selected_form-control"), "student"): Text 'student' is set on object 'Object Repository/Page_Dashboard/input_Messages selected_form-control'

2022-01-16 19:26:20 - [MESSAGE][PASSED] - Text 'student' is set on object 'Object Repository/Page_Dashboard/input_Messages selected_form-control'

2022-01-16 19:26:20 - [TEST_STEP][PASSED] - click(findTestObject("Object Repository/Page_Dashboard/i_Messages selected_icon fa fa-search fa-fw")): Object: 'Object Repository/Page_Dashboard/i_Messages selected_icon fa fa-search fa-fw' is clicked on

2022-01-16 19:26:51 - [MESSAGE][INFO] - Unable to find the element located by 'By.xpath: //div[@id='yui_3_17_2_1_1641689598842_31']/div[4]/div/div/div/button/span/i'. Please recheck the objects properties to make sure the desired element is located. 

2022-01-16 19:26:51 - [MESSAGE][WARNING] - [SELF-HEALING] Failed to find element with id 'Object Repository/Page_Dashboard/i_Messages selected_icon fa fa-search fa-fw'. Try using Self-healing.

2022-01-16 19:26:51 - [MESSAGE][WARNING] - [SELF-HEALING] The current locator of test object 'Object Repository/Page_Dashboard/i_Messages selected_icon fa fa-search fa-fw' was broken. Propose an alternative one: '//button/span/i'.

2022-01-16 19:26:51 - [MESSAGE][PASSED] - Object: 'Object Repository/Page_Dashboard/i_Messages selected_icon fa fa-search fa-fw' is clicked on

2022-01-16 19:26:51 - [TEST_STEP][PASSED] - click(findTestObject("Object Repository/Page_Dashboard/a_Student Two")): Object: 'Object Repository/Page_Dashboard/a_Student Two' is clicked on

2022-01-16 19:27:23 - [MESSAGE][INFO] - Unable to find the element located by 'By.xpath: //div[@id='yui_3_17_2_1_1641382110919_25']/div[6]/div/div/div/div[2]/div/a[2]'. Please recheck the objects properties to make sure the desired element is located. 

2022-01-16 19:27:23 - [MESSAGE][WARNING] - [SELF-HEALING] Failed to find element with id 'Object Repository/Page_Dashboard/a_Student Two'. Try using Self-healing.

2022-01-16 19:27:23 - [MESSAGE][WARNING] - [SELF-HEALING] The current locator of test object 'Object Repository/Page_Dashboard/a_Student Two' was broken. Propose an alternative one: '(.//*[normalize-space(text()) and normalize-space(.)='Student'])[1]/following::a[1]'.

2022-01-16 19:27:23 - [MESSAGE][PASSED] - Object: 'Object Repository/Page_Dashboard/a_Student Two' is clicked on

2022-01-16 19:27:23 - [TEST_STEP][PASSED] - click(findTestObject("Object Repository/Page_Dashboard/span_Unblock user")): Object: 'Object Repository/Page_Dashboard/span_Unblock user' is clicked on

2022-01-16 19:27:54 - [MESSAGE][INFO] - Unable to find the element located by 'By.xpath: //div[@id='message-drawer-61d57004667c961d570045584c7']/div[4]/div/div[4]/div/button/span'. Please recheck the objects properties to make sure the desired element is located. 

2022-01-16 19:27:54 - [MESSAGE][WARNING] - [SELF-HEALING] Failed to find element with id 'Object Repository/Page_Dashboard/span_Unblock user'. Try using Self-healing.

2022-01-16 19:27:55 - [MESSAGE][WARNING] - [SELF-HEALING] The current locator of test object 'Object Repository/Page_Dashboard/span_Unblock user' was broken. Propose an alternative one: '(.//*[normalize-space(text()) and normalize-space(.)='Send contact request'])[2]/following::span[3]'.

2022-01-16 19:27:55 - [MESSAGE][PASSED] - Object: 'Object Repository/Page_Dashboard/span_Unblock user' is clicked on

2022-01-16 19:27:55 - [TEST_STEP][PASSED] - click(findTestObject("Object Repository/Page_Dashboard/span_Unblock")): Object: 'Object Repository/Page_Dashboard/span_Unblock' is clicked on

2022-01-16 19:28:26 - [MESSAGE][INFO] - Unable to find the element located by 'By.xpath: //div[@id='yui_3_17_2_1_1641376457670_26']/div[3]/div/div[2]/div/button[2]/span'. Please recheck the objects properties to make sure the desired element is located. 

2022-01-16 19:28:26 - [MESSAGE][WARNING] - [SELF-HEALING] Failed to find element with id 'Object Repository/Page_Dashboard/span_Unblock'. Try using Self-healing.

2022-01-16 19:28:26 - [MESSAGE][WARNING] - [SELF-HEALING] The current locator of test object 'Object Repository/Page_Dashboard/span_Unblock' was broken. Propose an alternative one: '(.//*[normalize-space(text()) and normalize-space(.)='Block'])[1]/following::span[3]'.

2022-01-16 19:28:26 - [MESSAGE][PASSED] - Object: 'Object Repository/Page_Dashboard/span_Unblock' is clicked on

2022-01-16 19:28:26 - [TEST_STEP][PASSED] - closeBrowser(): Browser is closed

2022-01-16 19:28:27 - [MESSAGE][PASSED] - Browser is closed]]></system-out>
         <system-err><![CDATA[]]></system-err>
      </testcase>
      <testcase name="Test Cases/Chat/Delete conversation (message with another user)" time="138.844" classname="Test Cases/Chat/Delete conversation (message with another user)" status="PASSED">
         <system-out><![CDATA[2022-01-16 19:28:27 - [TEST_CASE][PASSED] - Test Cases/Chat/Delete conversation (message with another user): Test Cases/Chat/Delete conversation (message with another user)

2022-01-16 19:28:27 - [TEST_STEP][PASSED] - openBrowser(""): Browser is opened with url: ''

2022-01-16 19:28:27 - [MESSAGE][INFO] - Starting 'Chrome' driver

2022-01-16 19:28:27 - [MESSAGE][INFO] - Action delay is set to 0 milliseconds

2022-01-16 19:28:29 - [MESSAGE][PASSED] - Browser is opened with url: ''

2022-01-16 19:28:29 - [TEST_STEP][PASSED] - navigateToUrl("http://localhost/"): Navigate to 'http://localhost/' successfully

2022-01-16 19:28:30 - [MESSAGE][PASSED] - Navigate to 'http://localhost/' successfully

2022-01-16 19:28:30 - [TEST_STEP][PASSED] - click(findTestObject("Object Repository/Page_L Tm Anh/span_Log in")): Object: 'Object Repository/Page_L Tm Anh/span_Log in' is clicked on

2022-01-16 19:28:31 - [MESSAGE][PASSED] - Object: 'Object Repository/Page_L Tm Anh/span_Log in' is clicked on

2022-01-16 19:28:31 - [TEST_STEP][PASSED] - click(findTestObject("Object Repository/Page_L Tm Anh/a_Log in")): Object: 'Object Repository/Page_L Tm Anh/a_Log in' is clicked on

2022-01-16 19:29:02 - [MESSAGE][INFO] - Unable to find the element located by 'By.xpath: //div[@id='usernavigation']/div/div/span/a'. Please recheck the objects properties to make sure the desired element is located. 

2022-01-16 19:29:02 - [MESSAGE][WARNING] - [SELF-HEALING] Failed to find element with id 'Object Repository/Page_L Tm Anh/a_Log in'. Try using Self-healing.

2022-01-16 19:29:02 - [MESSAGE][WARNING] - [SELF-HEALING] The current locator of test object 'Object Repository/Page_L Tm Anh/a_Log in' was broken. Propose an alternative one: '//*/text()[normalize-space(.)='Log in']/parent::*'.

2022-01-16 19:29:03 - [MESSAGE][PASSED] - Object: 'Object Repository/Page_L Tm Anh/a_Log in' is clicked on

2022-01-16 19:29:03 - [TEST_STEP][PASSED] - setText(findTestObject("Object Repository/Page_L Tm Anh Log in to the site/input_Username_username"), "admin"): Text 'admin' is set on object 'Object Repository/Page_L Tm Anh Log in to the site/input_Username_username'

2022-01-16 19:29:04 - [MESSAGE][PASSED] - Text 'admin' is set on object 'Object Repository/Page_L Tm Anh Log in to the site/input_Username_username'

2022-01-16 19:29:04 - [TEST_STEP][PASSED] - setEncryptedText(findTestObject("Object Repository/Page_L Tm Anh Log in to the site/input_Password_password"), "eGmz8XUbrLe3vUQiiiujBg=="): Text ****** has been set on object 'Object Repository/Page_L Tm Anh Log in to the site/input_Password_password'

2022-01-16 19:29:04 - [MESSAGE][PASSED] - Text ****** has been set on object 'Object Repository/Page_L Tm Anh Log in to the site/input_Password_password'

2022-01-16 19:29:04 - [TEST_STEP][PASSED] - click(findTestObject("Object Repository/Page_L Tm Anh Log in to the site/button_Log in")): Object: 'Object Repository/Page_L Tm Anh Log in to the site/button_Log in' is clicked on

2022-01-16 19:29:07 - [MESSAGE][PASSED] - Object: 'Object Repository/Page_L Tm Anh Log in to the site/button_Log in' is clicked on

2022-01-16 19:29:07 - [TEST_STEP][PASSED] - click(findTestObject("Object Repository/Page_Dashboard/i_See all_icon fa fa-comment-o fa-fw")): Object: 'Object Repository/Page_Dashboard/i_See all_icon fa fa-comment-o fa-fw' is clicked on

2022-01-16 19:29:38 - [MESSAGE][INFO] - Unable to find the element located by 'By.xpath: //a[@id='message-drawer-toggle-61da31feb585e61da31fe9dea25']/i'. Please recheck the objects properties to make sure the desired element is located. 

2022-01-16 19:29:38 - [MESSAGE][WARNING] - [SELF-HEALING] Failed to find element with id 'Object Repository/Page_Dashboard/i_See all_icon fa fa-comment-o fa-fw'. Try using Self-healing.

2022-01-16 19:29:38 - [MESSAGE][WARNING] - [SELF-HEALING] The current locator of test object 'Object Repository/Page_Dashboard/i_See all_icon fa fa-comment-o fa-fw' was broken. Propose an alternative one: '//div[2]/a/i'.

2022-01-16 19:29:38 - [MESSAGE][PASSED] - Object: 'Object Repository/Page_Dashboard/i_See all_icon fa fa-comment-o fa-fw' is clicked on

2022-01-16 19:29:38 - [TEST_STEP][PASSED] - setText(findTestObject("Object Repository/Page_Dashboard/input_Messages selected_form-control"), "Anh Le"): Text 'Anh Le' is set on object 'Object Repository/Page_Dashboard/input_Messages selected_form-control'

2022-01-16 19:29:39 - [MESSAGE][PASSED] - Text 'Anh Le' is set on object 'Object Repository/Page_Dashboard/input_Messages selected_form-control'

2022-01-16 19:29:39 - [TEST_STEP][PASSED] - click(findTestObject("Object Repository/Page_Dashboard/i_Messages selected_icon fa fa-search fa-fw")): Object: 'Object Repository/Page_Dashboard/i_Messages selected_icon fa fa-search fa-fw' is clicked on

[...]

2022-01-16 20:48:50 - [MESSAGE][PASSED] - Object: 'Object Repository/Page_L Tm Anh Log in to the site/button_Log in' is clicked on

2022-01-16 20:48:50 - [TEST_STEP][PASSED] - click(findTestObject("Object Repository/Page_Dashboard/a_My courses")): Object: 'Object Repository/Page_Dashboard/a_My courses' is clicked on

2022-01-16 20:49:22 - [MESSAGE][INFO] - Unable to find the element located by 'By.xpath: //ul[@id='moremenu-61e0e36aac914-navbar-nav']/li[3]/a'. Please recheck the objects properties to make sure the desired element is located. 

2022-01-16 20:49:22 - [MESSAGE][WARNING] - [SELF-HEALING] Failed to find element with id 'Object Repository/Page_Dashboard/a_My courses'. Try using Self-healing.

2022-01-16 20:49:22 - [MESSAGE][WARNING] - [SELF-HEALING] The current locator of test object 'Object Repository/Page_Dashboard/a_My courses' was broken. Propose an alternative one: '//a[contains(text(),'My courses')]'.

2022-01-16 20:49:22 - [MESSAGE][PASSED] - Object: 'Object Repository/Page_Dashboard/a_My courses' is clicked on

2022-01-16 20:49:22 - [TEST_STEP][PASSED] - click(findTestObject("Object Repository/Page_My courses/div_Course image")): Object: 'Object Repository/Page_My courses/div_Course image' is clicked on

2022-01-16 20:49:24 - [MESSAGE][PASSED] - Object: 'Object Repository/Page_My courses/div_Course image' is clicked on

2022-01-16 20:49:24 - [TEST_STEP][PASSED] - click(findTestObject("Object Repository/Page_Course 5/a_Lesson 5")): Object: 'Object Repository/Page_Course 5/a_Lesson 5' is clicked on

2022-01-16 20:49:25 - [MESSAGE][PASSED] - Object: 'Object Repository/Page_Course 5/a_Lesson 5' is clicked on

2022-01-16 20:49:25 - [TEST_STEP][PASSED] - click(findTestObject("Object Repository/Page_5 Lesson 5 1/button_Grade essays")): Object: 'Object Repository/Page_5 Lesson 5 1/button_Grade essays' is clicked on

2022-01-16 20:49:57 - [MESSAGE][INFO] - Unable to find the element located by 'By.xpath: //button[@id='single_button61df6928268f812']'. Please recheck the objects properties to make sure the desired element is located. 

2022-01-16 20:49:57 - [MESSAGE][WARNING] - [SELF-HEALING] Failed to find element with id 'Object Repository/Page_5 Lesson 5 1/button_Grade essays'. Try using Self-healing.

2022-01-16 20:49:57 - [MESSAGE][WARNING] - [SELF-HEALING] The current locator of test object 'Object Repository/Page_5 Lesson 5 1/button_Grade essays' was broken. Propose an alternative one: '(.//*[normalize-space(text()) and normalize-space(.)='Edit'])[1]/following::button[1]'.

2022-01-16 20:49:57 - [MESSAGE][PASSED] - Object: 'Object Repository/Page_5 Lesson 5 1/button_Grade essays' is clicked on

2022-01-16 20:49:57 - [TEST_STEP][PASSED] - click(findTestObject("Object Repository/Page_5 Lesson 5 Grade essays/a_Email ALL graded essays")): Object: 'Object Repository/Page_5 Lesson 5 Grade essays/a_Email ALL graded essays' is clicked on

2022-01-16 20:49:59 - [MESSAGE][PASSED] - Object: 'Object Repository/Page_5 Lesson 5 Grade essays/a_Email ALL graded essays' is clicked on

2022-01-16 20:49:59 - [TEST_STEP][PASSED] - closeBrowser(): Browser is closed

2022-01-16 20:50:00 - [MESSAGE][PASSED] - Browser is closed]]></system-out>
         <system-err><![CDATA[]]></system-err>
      </testcase>
      <testcase name="Test Cases/I2/View grade of list course" time="7.557" classname="Test Cases/I2/View grade of list course" status="PASSED">
         <system-out><![CDATA[2022-01-16 20:50:00 - [TEST_CASE][PASSED] - Test Cases/I2/View grade of list course: Test Cases/I2/View grade of list course

2022-01-16 20:50:00 - [TEST_STEP][PASSED] - openBrowser(""): Browser is opened with url: ''

2022-01-16 20:50:00 - [MESSAGE][INFO] - Starting 'Chrome' driver

2022-01-16 20:50:00 - [MESSAGE][INFO] - Action delay is set to 0 milliseconds

2022-01-16 20:50:01 - [MESSAGE][PASSED] - Browser is opened with url: ''

2022-01-16 20:50:01 - [TEST_STEP][PASSED] - navigateToUrl("http://localhost/"): Navigate to 'http://localhost/' successfully

2022-01-16 20:50:01 - [MESSAGE][PASSED] - Navigate to 'http://localhost/' successfully

2022-01-16 20:50:01 - [TEST_STEP][PASSED] - click(findTestObject("Object Repository/Page_L Tm Anh/a_Log in")): Object: 'Object Repository/Page_L Tm Anh/a_Log in' is clicked on

2022-01-16 20:50:02 - [MESSAGE][PASSED] - Object: 'Object Repository/Page_L Tm Anh/a_Log in' is clicked on

2022-01-16 20:50:02 - [TEST_STEP][PASSED] - setText(findTestObject("Object Repository/Page_L Tm Anh Log in to the site/input_Username_username"), "anhle2"): Text 'anhle2' is set on object 'Object Repository/Page_L Tm Anh Log in to the site/input_Username_username'

2022-01-16 20:50:03 - [MESSAGE][PASSED] - Text 'anhle2' is set on object 'Object Repository/Page_L Tm Anh Log in to the site/input_Username_username'

2022-01-16 20:50:03 - [TEST_STEP][PASSED] - setEncryptedText(findTestObject("Object Repository/Page_L Tm Anh Log in to the site/input_Password_password"), "eGmz8XUbrLe3vUQiiiujBg=="): Text ****** has been set on object 'Object Repository/Page_L Tm Anh Log in to the site/input_Password_password'

2022-01-16 20:50:04 - [MESSAGE][PASSED] - Text ****** has been set on object 'Object Repository/Page_L Tm Anh Log in to the site/input_Password_password'

2022-01-16 20:50:04 - [TEST_STEP][PASSED] - click(findTestObject("Object Repository/Page_L Tm Anh Log in to the site/button_Log in")): Object: 'Object Repository/Page_L Tm Anh Log in to the site/button_Log in' is clicked on

2022-01-16 20:50:05 - [MESSAGE][PASSED] - Object: 'Object Repository/Page_L Tm Anh Log in to the site/button_Log in' is clicked on

2022-01-16 20:50:05 - [TEST_STEP][PASSED] - click(findTestObject("Object Repository/Page_Dashboard/a_T1")): Object: 'Object Repository/Page_Dashboard/a_T1' is clicked on

2022-01-16 20:50:05 - [MESSAGE][PASSED] - Object: 'Object Repository/Page_Dashboard/a_T1' is clicked on

2022-01-16 20:50:05 - [TEST_STEP][PASSED] - click(findTestObject("Object Repository/Page_Dashboard/a_Grades")): Object: 'Object Repository/Page_Dashboard/a_Grades' is clicked on

2022-01-16 20:50:06 - [MESSAGE][PASSED] - Object: 'Object Repository/Page_Dashboard/a_Grades' is clicked on

2022-01-16 20:50:06 - [TEST_STEP][PASSED] - closeBrowser(): Browser is closed

2022-01-16 20:50:07 - [MESSAGE][PASSED] - Browser is closed]]></system-out>
         <system-err><![CDATA[]]></system-err>
      </testcase>
      <testcase name="Test Cases/I2/Teacher view grade of a course" time="9.585" classname="Test Cases/I2/Teacher view grade of a course" status="PASSED">
         <system-out><![CDATA[2022-01-16 20:50:07 - [TEST_CASE][PASSED] - Test Cases/I2/Teacher view grade of a course: Test Cases/I2/Teacher view grade of a course

2022-01-16 20:50:07 - [TEST_STEP][PASSED] - openBrowser(""): Browser is opened with url: ''

2022-01-16 20:50:07 - [MESSAGE][INFO] - Starting 'Chrome' driver

2022-01-16 20:50:07 - [MESSAGE][INFO] - Action delay is set to 0 milliseconds

2022-01-16 20:50:09 - [MESSAGE][PASSED] - Browser is opened with url: ''

2022-01-16 20:50:09 - [TEST_STEP][PASSED] - navigateToUrl("http://localhost/"): Navigate to 'http://localhost/' successfully

2022-01-16 20:50:09 - [MESSAGE][PASSED] - Navigate to 'http://localhost/' successfully

2022-01-16 20:50:09 - [TEST_STEP][PASSED] - click(findTestObject("Object Repository/Page_L Tm Anh/a_Log in")): Object: 'Object Repository/Page_L Tm Anh/a_Log in' is clicked on

2022-01-16 20:50:10 - [MESSAGE][PASSED] - Object: 'Object Repository/Page_L Tm Anh/a_Log in' is clicked on

2022-01-16 20:50:10 - [TEST_STEP][PASSED] - setText(findTestObject("Object Repository/Page_L Tm Anh Log in to the site/input_Username_username"), "admin"): Text 'admin' is set on object 'Object Repository/Page_L Tm Anh Log in to the site/input_Username_username'

2022-01-16 20:50:11 - [MESSAGE][PASSED] - Text 'admin' is set on object 'Object Repository/Page_L Tm Anh Log in to the site/input_Username_username'

2022-01-16 20:50:11 - [TEST_STEP][PASSED] - setEncryptedText(findTestObject("Object Repository/Page_L Tm Anh Log in to the site/input_Password_password"), "eGmz8XUbrLe3vUQiiiujBg=="): Text ****** has been set on object 'Object Repository/Page_L Tm Anh Log in to the site/input_Password_password'

2022-01-16 20:50:11 - [MESSAGE][PASSED] - Text ****** has been set on object 'Object Repository/Page_L Tm Anh Log in to the site/input_Password_password'

2022-01-16 20:50:11 - [TEST_STEP][PASSED] - click(findTestObject("Object Repository/Page_L Tm Anh Log in to the site/button_Log in")): Object: 'Object Repository/Page_L Tm Anh Log in to the site/button_Log in' is clicked on

2022-01-16 20:50:13 - [MESSAGE][PASSED] - Object: 'Object Repository/Page_L Tm Anh Log in to the site/button_Log in' is clicked on

2022-01-16 20:50:13 - [TEST_STEP][PASSED] - click(findTestObject("Object Repository/Page_Dashboard/a_AU")): Object: 'Object Repository/Page_Dashboard/a_AU' is clicked on

2022-01-16 20:50:14 - [MESSAGE][PASSED] - Object: 'Object Repository/Page_Dashboard/a_AU' is clicked on

2022-01-16 20:50:14 - [TEST_STEP][PASSED] - click(findTestObject("Object Repository/Page_Dashboard/a_Grades")): Object: 'Object Repository/Page_Dashboard/a_Grades' is clicked on

2022-01-16 20:50:14 - [MESSAGE][PASSED] - Object: 'Object Repository/Page_Dashboard/a_Grades' is clicked on

2022-01-16 20:50:14 - [TEST_STEP][PASSED] - click(findTestObject("Object Repository/Page_Grades - Admin User/a_1")): Object: 'Object Repository/Page_Grades - Admin User/a_1' is clicked on

2022-01-16 20:50:16 - [MESSAGE][PASSED] - Object: 'Object Repository/Page_Grades - Admin User/a_1' is clicked on

2022-01-16 20:50:16 - [TEST_STEP][PASSED] - closeBrowser(): Browser is closed

2022-01-16 20:50:17 - [MESSAGE][PASSED] - Browser is closed]]></system-out>
         <system-err><![CDATA[]]></system-err>
      </testcase>
      <testcase name="Test Cases/I2/Student view grade of a course" time="8.91" classname="Test Cases/I2/Student view grade of a course" status="PASSED">
         <system-out><![CDATA[2022-01-16 20:50:17 - [TEST_CASE][PASSED] - Test Cases/I2/Student view grade of a course: Test Cases/I2/Student view grade of a course

2022-01-16 20:50:17 - [TEST_STEP][PASSED] - openBrowser(""): Browser is opened with url: ''

2022-01-16 20:50:17 - [MESSAGE][INFO] - Starting 'Chrome' driver

2022-01-16 20:50:17 - [MESSAGE][INFO] - Action delay is set to 0 milliseconds

2022-01-16 20:50:18 - [MESSAGE][PASSED] - Browser is opened with url: ''

2022-01-16 20:50:18 - [TEST_STEP][PASSED] - navigateToUrl("http://localhost/"): Navigate to 'http://localhost/' successfully

2022-01-16 20:50:19 - [MESSAGE][PASSED] - Navigate to 'http://localhost/' successfully

2022-01-16 20:50:19 - [TEST_STEP][PASSED] - click(findTestObject("Object Repository/Page_L Tm Anh/a_Log in")): Object: 'Object Repository/Page_L Tm Anh/a_Log in' is clicked on

2022-01-16 20:50:19 - [MESSAGE][PASSED] - Object: 'Object Repository/Page_L Tm Anh/a_Log in' is clicked on

2022-01-16 20:50:19 - [TEST_STEP][PASSED] - setText(findTestObject("Object Repository/Page_L Tm Anh Log in to the site/input_Username_username"), "anhle2"): Text 'anhle2' is set on object 'Object Repository/Page_L Tm Anh Log in to the site/input_Username_username'

2022-01-16 20:50:20 - [MESSAGE][PASSED] - Text 'anhle2' is set on object 'Object Repository/Page_L Tm Anh Log in to the site/input_Username_username'

2022-01-16 20:50:20 - [TEST_STEP][PASSED] - click(findTestObject("Object Repository/Page_L Tm Anh Log in to the site/form_Username                              _635ab4")): Object: 'Object Repository/Page_L Tm Anh Log in to the site/form_Username                              _635ab4' is clicked on

2022-01-16 20:50:20 - [MESSAGE][PASSED] - Object: 'Object Repository/Page_L Tm Anh Log in to the site/form_Username                              _635ab4' is clicked on

2022-01-16 20:50:20 - [TEST_STEP][PASSED] - setEncryptedText(findTestObject("Object Repository/Page_L Tm Anh Log in to the site/input_Password_password"), "eGmz8XUbrLe3vUQiiiujBg=="): Text ****** has been set on object 'Object Repository/Page_L Tm Anh Log in to the site/input_Password_password'

2022-01-16 20:50:21 - [MESSAGE][PASSED] - Text ****** has been set on object 'Object Repository/Page_L Tm Anh Log in to the site/input_Password_password'

2022-01-16 20:50:21 - [TEST_STEP][PASSED] - click(findTestObject("Object Repository/Page_L Tm Anh Log in to the site/button_Log in")): Object: 'Object Repository/Page_L Tm Anh Log in to the site/button_Log in' is clicked on

2022-01-16 20:50:22 - [MESSAGE][PASSED] - Object: 'Object Repository/Page_L Tm Anh Log in to the site/button_Log in' is clicked on

2022-01-16 20:50:22 - [TEST_STEP][PASSED] - click(findTestObject("Object Repository/Page_Dashboard/a_T1")): Object: 'Object Repository/Page_Dashboard/a_T1' is clicked on

2022-01-16 20:50:23 - [MESSAGE][PASSED] - Object: 'Object Repository/Page_Dashboard/a_T1' is clicked on

2022-01-16 20:50:23 - [TEST_STEP][PASSED] - click(findTestObject("Object Repository/Page_Dashboard/a_Grades")): Object: 'Object Repository/Page_Dashboard/a_Grades' is clicked on

2022-01-16 20:50:24 - [MESSAGE][PASSED] - Object: 'Object Repository/Page_Dashboard/a_Grades' is clicked on

2022-01-16 20:50:24 - [TEST_STEP][PASSED] - click(findTestObject("Object Repository/Page_Grades - Thien 1/a_1")): Object: 'Object Repository/Page_Grades - Thien 1/a_1' is clicked on

2022-01-16 20:50:25 - [MESSAGE][PASSED] - Object: 'Object Repository/Page_Grades - Thien 1/a_1' is clicked on

2022-01-16 20:50:25 - [TEST_STEP][PASSED] - closeBrowser(): Browser is closed

2022-01-16 20:50:26 - [MESSAGE][PASSED] - Browser is closed]]></system-out>
         <system-err><![CDATA[]]></system-err>
      </testcase>
      <system-out><![CDATA[2022-01-16 19:05:17 - [TEST_SUITE][FAILED] - Run all test cases: Test Cases/I1/Create a event category type (event button) FAILED.
Reason:
com.kms.katalon.core.exception.StepFailedException: Unable to set text '10' of object 'Object Repository/Page_Dashboard/input_Event title_name'
	at com.kms.katalon.core.webui.keyword.internal.WebUIKeywordMain.stepFailed(WebUIKeywordMain.groovy:64)
	at com.kms.katalon.core.webui.keyword.internal.WebUIKeywordMain.runKeyword(WebUIKeywordMain.groovy:26)
	at com.kms.katalon.core.webui.keyword.builtin.SetTextKeyword.setText(SetTextKeyword.groovy:66)
	at com.kms.katalon.core.webui.keyword.builtin.SetTextKeyword.execute(SetTextKeyword.groovy:37)
	at com.kms.katalon.core.keyword.internal.KeywordExecutor.executeKeywordForPlatform(KeywordExecutor.groovy:74)
	at com.kms.katalon.core.webui.keyword.WebUiBuiltInKeywords.setText(WebUiBuiltInKeywords.groovy:980)
	at com.kms.katalon.core.webui.keyword.WebUiBuiltInKeywords$setText$2.call(Unknown Source)
	at Create a event category type (event button).run(Create a event category type (event button):34)
	at com.kms.katalon.core.main.ScriptEngine.run(ScriptEngine.java:194)
	at com.kms.katalon.core.main.ScriptEngine.runScriptAsRawText(ScriptEngine.java:119)
	at com.kms.katalon.core.main.TestCaseExecutor.runScript(TestCaseExecutor.java:442)
	at com.kms.katalon.core.main.TestCaseExecutor.doExecute(TestCaseExecutor.java:433)
	at com.kms.katalon.core.main.TestCaseExecutor.processExecutionPhase(TestCaseExecutor.java:412)
	at com.kms.katalon.core.main.TestCaseExecutor.accessMainPhase(TestCaseExecutor.java:404)
	at com.kms.katalon.core.main.TestCaseExecutor.execute(TestCaseExecutor.java:281)
	at com.kms.katalon.core.main.TestSuiteExecutor.accessTestCaseMainPhase(TestSuiteExecutor.java:202)
	at com.kms.katalon.core.main.TestSuiteExecutor.accessTestSuiteMainPhase(TestSuiteExecutor.java:164)
	at com.kms.katalon.core.main.TestSuiteExecutor.execute(TestSuiteExecutor.java:105)
	at com.kms.katalon.core.main.TestCaseMain.startTestSuite(TestCaseMain.java:181)
	at com.kms.katalon.core.main.TestCaseMain$startTestSuite$0.call(Unknown Source)
	at TempTestSuite1642334705478.run(TempTestSuite1642334705478.groovy:36)
Caused by: com.kms.katalon.core.webui.exception.WebElementNotFoundException: Web element with id: 'Object Repository/Page_Dashboard/input_Event title_name' located by '//input[@id='id_name']' not found
	at com.kms.katalon.core.webui.common.WebUiCommonHelper.findWebElement(WebUiCommonHelper.java:1368)
	at com.kms.katalon.core.webui.keyword.internal.WebUIAbstractKeyword.findWebElement(WebUIAbstractKeyword.groovy:27)
	at com.kms.katalon.core.webui.keyword.internal.WebUIAbstractKeyword.findWebElement(WebUIAbstractKeyword.groovy:26)
	at com.kms.katalon.core.webui.keyword.builtin.SetTextKeyword$_setText_closure1.doCall(SetTextKeyword.groovy:51)
	at com.kms.katalon.core.webui.keyword.builtin.SetTextKeyword$_setText_closure1.call(SetTextKeyword.groovy)
	at com.kms.katalon.core.webui.keyword.internal.WebUIKeywordMain.runKeyword(WebUIKeywordMain.groovy:20)
	... 19 more]]></system-out>
      <system-err><![CDATA[2022-01-16 19:05:17 - [TEST_SUITE][FAILED] - Run all test cases: Test Cases/I1/Create a event category type (event button) FAILED.
Reason:
com.kms.katalon.core.exception.StepFailedException: Unable to set text '10' of object 'Object Repository/Page_Dashboard/input_Event title_name'
	at com.kms.katalon.core.webui.keyword.internal.WebUIKeywordMain.stepFailed(WebUIKeywordMain.groovy:64)
	at com.kms.katalon.core.webui.keyword.internal.WebUIKeywordMain.runKeyword(WebUIKeywordMain.groovy:26)
	at com.kms.katalon.core.webui.keyword.builtin.SetTextKeyword.setText(SetTextKeyword.groovy:66)
	at com.kms.katalon.core.webui.keyword.builtin.SetTextKeyword.execute(SetTextKeyword.groovy:37)
	at com.kms.katalon.core.keyword.internal.KeywordExecutor.executeKeywordForPlatform(KeywordExecutor.groovy:74)
	at com.kms.katalon.core.webui.keyword.WebUiBuiltInKeywords.setText(WebUiBuiltInKeywords.groovy:980)
	at com.kms.katalon.core.webui.keyword.WebUiBuiltInKeywords$setText$2.call(Unknown Source)
	at Create a event category type (event button).run(Create a event category type (event button):34)
	at com.kms.katalon.core.main.ScriptEngine.run(ScriptEngine.java:194)
	at com.kms.katalon.core.main.ScriptEngine.runScriptAsRawText(ScriptEngine.java:119)
	at com.kms.katalon.core.main.TestCaseExecutor.runScript(TestCaseExecutor.java:442)
	at com.kms.katalon.core.main.TestCaseExecutor.doExecute(TestCaseExecutor.java:433)
	at com.kms.katalon.core.main.TestCaseExecutor.processExecutionPhase(TestCaseExecutor.java:412)
	at com.kms.katalon.core.main.TestCaseExecutor.accessMainPhase(TestCaseExecutor.java:404)
	at com.kms.katalon.core.main.TestCaseExecutor.execute(TestCaseExecutor.java:281)
	at com.kms.katalon.core.main.TestSuiteExecutor.accessTestCaseMainPhase(TestSuiteExecutor.java:202)
	at com.kms.katalon.core.main.TestSuiteExecutor.accessTestSuiteMainPhase(TestSuiteExecutor.java:164)
	at com.kms.katalon.core.main.TestSuiteExecutor.execute(TestSuiteExecutor.java:105)
	at com.kms.katalon.core.main.TestCaseMain.startTestSuite(TestCaseMain.java:181)
	at com.kms.katalon.core.main.TestCaseMain$startTestSuite$0.call(Unknown Source)
	at TempTestSuite1642334705478.run(TempTestSuite1642334705478.groovy:36)
Caused by: com.kms.katalon.core.webui.exception.WebElementNotFoundException: Web element with id: 'Object Repository/Page_Dashboard/input_Event title_name' located by '//input[@id='id_name']' not found
	at com.kms.katalon.core.webui.common.WebUiCommonHelper.findWebElement(WebUiCommonHelper.java:1368)
	at com.kms.katalon.core.webui.keyword.internal.WebUIAbstractKeyword.findWebElement(WebUIAbstractKeyword.groovy:27)
	at com.kms.katalon.core.webui.keyword.internal.WebUIAbstractKeyword.findWebElement(WebUIAbstractKeyword.groovy:26)
	at com.kms.katalon.core.webui.keyword.builtin.SetTextKeyword$_setText_closure1.doCall(SetTextKeyword.groovy:51)
	at com.kms.katalon.core.webui.keyword.builtin.SetTextKeyword$_setText_closure1.call(SetTextKeyword.groovy)
	at com.kms.katalon.core.webui.keyword.internal.WebUIKeywordMain.runKeyword(WebUIKeywordMain.groovy:20)
	... 19 more]]></system-err>
   </testsuite>
</testsuites>
